%!Adobe-FontList 1.24
%Locale:0x409

%BeginFont
Handler:DirectoryHandler
FontType:CMap
CMapName:78-EUC-H
Registry:Adobe
Ordering:Japan1
OutlineFileName:C:\Program Files\Adobe\Adobe InDesign 2024\Resources\cooltype\typesupport\CMaps\78-EUC-H
FileLength:14796
FileModTime:1711159342
%EndFont

%BeginFont
Handler:DirectoryHandler
FontType:CMap
CMapName:78-EUC-V
Registry:Adobe
Ordering:Japan1
UseCMap:78-EUC-H
OutlineFileName:C:\Program Files\Adobe\Adobe InDesign 2024\Resources\cooltype\typesupport\CMaps\78-EUC-V
FileLength:3222
FileModTime:1711159342
%EndFont

%BeginFont
Handler:DirectoryHandler
FontType:CMap
CMapName:78-H
Registry:Adobe
Ordering:Japan1
OutlineFileName:C:\Program Files\Adobe\Adobe InDesign 2024\Resources\cooltype\typesupport\CMaps\78-H
FileLength:14673
FileModTime:1711159342
%EndFont

%BeginFont
Handler:DirectoryHandler
FontType:CMap
CMapName:78-RKSJ-H
Registry:Adobe
Ordering:Japan1
OutlineFileName:C:\Program Files\Adobe\Adobe InDesign 2024\Resources\cooltype\typesupport\CMaps\78-RKSJ-H
FileLength:14827
FileModTime:1711159342
%EndFont

%BeginFont
Handler:DirectoryHandler
FontType:CMap
CMapName:78-RKSJ-V
Registry:Adobe
Ordering:Japan1
UseCMap:78-RKSJ-H
OutlineFileName:C:\Program Files\Adobe\Adobe InDesign 2024\Resources\cooltype\typesupport\CMaps\78-RKSJ-V
FileLength:3228
FileModTime:1711159342
%EndFont

%BeginFont
Handler:DirectoryHandler
FontType:CMap
CMapName:78-V
Registry:Adobe
Ordering:Japan1
UseCMap:78-H
OutlineFileName:C:\Program Files\Adobe\Adobe InDesign 2024\Resources\cooltype\typesupport\CMaps\78-V
FileLength:3198
FileModTime:1711159342
%EndFont

%BeginFont
Handler:DirectoryHandler
FontType:CMap
CMapName:78ms-RKSJ-H
Registry:Adobe
Ordering:Japan1
OutlineFileName:C:\Program Files\Adobe\Adobe InDesign 2024\Resources\cooltype\typesupport\CMaps\78ms-RKSJ-H
FileLength:16500
FileModTime:1711159342
%EndFont

%BeginFont
Handler:DirectoryHandler
FontType:CMap
CMapName:78ms-RKSJ-V
Registry:Adobe
Ordering:Japan1
UseCMap:78ms-RKSJ-H
OutlineFileName:C:\Program Files\Adobe\Adobe InDesign 2024\Resources\cooltype\typesupport\CMaps\78ms-RKSJ-V
FileLength:4209
FileModTime:1711159342
%EndFont

%BeginFont
Handler:DirectoryHandler
FontType:CMap
CMapName:83pv-RKSJ-H
Registry:Adobe
Ordering:Japan1
OutlineFileName:C:\Program Files\Adobe\Adobe InDesign 2024\Resources\cooltype\typesupport\CMaps\83pv-RKSJ-H
FileLength:7080
FileModTime:1711159342
%EndFont

%BeginFont
Handler:DirectoryHandler
FontType:CMap
CMapName:90ms-RKSJ-H
Registry:Adobe
Ordering:Japan1
OutlineFileName:C:\Program Files\Adobe\Adobe InDesign 2024\Resources\cooltype\typesupport\CMaps\90ms-RKSJ-H
FileLength:6070
FileModTime:1711159342
%EndFont

%BeginFont
Handler:DirectoryHandler
FontType:CMap
CMapName:90ms-RKSJ-V
Registry:Adobe
Ordering:Japan1
UseCMap:90ms-RKSJ-H
OutlineFileName:C:\Program Files\Adobe\Adobe InDesign 2024\Resources\cooltype\typesupport\CMaps\90ms-RKSJ-V
FileLength:4229
FileModTime:1711159342
%EndFont

%BeginFont
Handler:DirectoryHandler
FontType:CMap
CMapName:90msp-RKSJ-H
Registry:Adobe
Ordering:Japan1
OutlineFileName:C:\Program Files\Adobe\Adobe InDesign 2024\Resources\cooltype\typesupport\CMaps\90msp-RKSJ-H
FileLength:6001
FileModTime:1711159342
%EndFont

%BeginFont
Handler:DirectoryHandler
FontType:CMap
CMapName:90msp-RKSJ-V
Registry:Adobe
Ordering:Japan1
UseCMap:90msp-RKSJ-H
OutlineFileName:C:\Program Files\Adobe\Adobe InDesign 2024\Resources\cooltype\typesupport\CMaps\90msp-RKSJ-V
FileLength:4212
FileModTime:1711159342
%EndFont

%BeginFont
Handler:DirectoryHandler
FontType:CMap
CMapName:90pv-RKSJ-H
Registry:Adobe
Ordering:Japan1
OutlineFileName:C:\Program Files\Adobe\Adobe InDesign 2024\Resources\cooltype\typesupport\CMaps\90pv-RKSJ-H
FileLength:7815
FileModTime:1711159342
%EndFont

%BeginFont
Handler:DirectoryHandler
FontType:CMap
CMapName:90pv-RKSJ-V
Registry:Adobe
Ordering:Japan1
UseCMap:90pv-RKSJ-H
OutlineFileName:C:\Program Files\Adobe\Adobe InDesign 2024\Resources\cooltype\typesupport\CMaps\90pv-RKSJ-V
FileLength:3715
FileModTime:1711159342
%EndFont

%BeginFont
Handler:DirectoryHandler
FontType:CMap
CMapName:Add-H
Registry:Adobe
Ordering:Japan1
OutlineFileName:C:\Program Files\Adobe\Adobe InDesign 2024\Resources\cooltype\typesupport\CMaps\Add-H
FileLength:14854
FileModTime:1711159342
%EndFont

%BeginFont
Handler:DirectoryHandler
FontType:CMap
CMapName:Add-RKSJ-H
Registry:Adobe
Ordering:Japan1
OutlineFileName:C:\Program Files\Adobe\Adobe InDesign 2024\Resources\cooltype\typesupport\CMaps\Add-RKSJ-H
FileLength:15038
FileModTime:1711159342
%EndFont

%BeginFont
Handler:DirectoryHandler
FontType:CMap
CMapName:Add-RKSJ-V
Registry:Adobe
Ordering:Japan1
UseCMap:Add-RKSJ-H
OutlineFileName:C:\Program Files\Adobe\Adobe InDesign 2024\Resources\cooltype\typesupport\CMaps\Add-RKSJ-V
FileLength:3823
FileModTime:1711159342
%EndFont

%BeginFont
Handler:DirectoryHandler
FontType:CMap
CMapName:Add-V
Registry:Adobe
Ordering:Japan1
UseCMap:Add-H
OutlineFileName:C:\Program Files\Adobe\Adobe InDesign 2024\Resources\cooltype\typesupport\CMaps\Add-V
FileLength:3793
FileModTime:1711159342
%EndFont

%BeginFont
Handler:DirectoryHandler
FontType:CMap
CMapName:Adobe-CNS1-0
Registry:Adobe
Ordering:CNS1
OutlineFileName:C:\Program Files\Adobe\Adobe InDesign 2024\Resources\cooltype\typesupport\CMaps\Adobe-CNS1-0
FileLength:3829
FileModTime:1711159342
%EndFont

%BeginFont
Handler:DirectoryHandler
FontType:CMap
CMapName:Adobe-CNS1-1
Registry:Adobe
Ordering:CNS1
OutlineFileName:C:\Program Files\Adobe\Adobe InDesign 2024\Resources\cooltype\typesupport\CMaps\Adobe-CNS1-1
FileLength:4002
FileModTime:1711159342
%EndFont

%BeginFont
Handler:DirectoryHandler
FontType:CMap
CMapName:Adobe-CNS1-2
Registry:Adobe
Ordering:CNS1
OutlineFileName:C:\Program Files\Adobe\Adobe InDesign 2024\Resources\cooltype\typesupport\CMaps\Adobe-CNS1-2
FileLength:4022
FileModTime:1711159342
%EndFont

%BeginFont
Handler:DirectoryHandler
FontType:CMap
CMapName:Adobe-CNS1-3
Registry:Adobe
Ordering:CNS1
OutlineFileName:C:\Program Files\Adobe\Adobe InDesign 2024\Resources\cooltype\typesupport\CMaps\Adobe-CNS1-3
FileLength:4122
FileModTime:1711159342
%EndFont

%BeginFont
Handler:DirectoryHandler
FontType:CMap
CMapName:Adobe-CNS1-4
Registry:Adobe
Ordering:CNS1
OutlineFileName:C:\Program Files\Adobe\Adobe InDesign 2024\Resources\cooltype\typesupport\CMaps\Adobe-CNS1-4
FileLength:4142
FileModTime:1711159342
%EndFont

%BeginFont
Handler:DirectoryHandler
FontType:CMap
CMapName:Adobe-CNS1-5
Registry:Adobe
Ordering:CNS1
OutlineFileName:C:\Program Files\Adobe\Adobe InDesign 2024\Resources\cooltype\typesupport\CMaps\Adobe-CNS1-5
FileLength:4142
FileModTime:1711159342
%EndFont

%BeginFont
Handler:DirectoryHandler
FontType:CMap
CMapName:Adobe-CNS1-6
Registry:Adobe
Ordering:CNS1
OutlineFileName:C:\Program Files\Adobe\Adobe InDesign 2024\Resources\cooltype\typesupport\CMaps\Adobe-CNS1-6
FileLength:4142
FileModTime:1711159342
%EndFont

%BeginFont
Handler:DirectoryHandler
FontType:CMap
CMapName:Adobe-GB1-0
Registry:Adobe
Ordering:GB1
OutlineFileName:C:\Program Files\Adobe\Adobe InDesign 2024\Resources\cooltype\typesupport\CMaps\Adobe-GB1-0
FileLength:3292
FileModTime:1711159342
%EndFont

%BeginFont
Handler:DirectoryHandler
FontType:CMap
CMapName:Adobe-GB1-1
Registry:Adobe
Ordering:GB1
OutlineFileName:C:\Program Files\Adobe\Adobe InDesign 2024\Resources\cooltype\typesupport\CMaps\Adobe-GB1-1
FileLength:3446
FileModTime:1711159342
%EndFont

%BeginFont
Handler:DirectoryHandler
FontType:CMap
CMapName:Adobe-GB1-2
Registry:Adobe
Ordering:GB1
OutlineFileName:C:\Program Files\Adobe\Adobe InDesign 2024\Resources\cooltype\typesupport\CMaps\Adobe-GB1-2
FileLength:4400
FileModTime:1711159342
%EndFont

%BeginFont
Handler:DirectoryHandler
FontType:CMap
CMapName:Adobe-GB1-3
Registry:Adobe
Ordering:GB1
OutlineFileName:C:\Program Files\Adobe\Adobe InDesign 2024\Resources\cooltype\typesupport\CMaps\Adobe-GB1-3
FileLength:4399
FileModTime:1711159342
%EndFont

%BeginFont
Handler:DirectoryHandler
FontType:CMap
CMapName:Adobe-GB1-4
Registry:Adobe
Ordering:GB1
OutlineFileName:C:\Program Files\Adobe\Adobe InDesign 2024\Resources\cooltype\typesupport\CMaps\Adobe-GB1-4
FileLength:4951
FileModTime:1711159342
%EndFont

%BeginFont
Handler:DirectoryHandler
FontType:CMap
CMapName:Adobe-GB1-5
Registry:Adobe
Ordering:GB1
OutlineFileName:C:\Program Files\Adobe\Adobe InDesign 2024\Resources\cooltype\typesupport\CMaps\Adobe-GB1-5
FileLength:5051
FileModTime:1711159342
%EndFont

%BeginFont
Handler:DirectoryHandler
FontType:CMap
CMapName:Adobe-Japan1-0
Registry:Adobe
Ordering:Japan1
OutlineFileName:C:\Program Files\Adobe\Adobe InDesign 2024\Resources\cooltype\typesupport\CMaps\Adobe-Japan1-0
FileLength:3341
FileModTime:1711159342
%EndFont

%BeginFont
Handler:DirectoryHandler
FontType:CMap
CMapName:Adobe-Japan1-1
Registry:Adobe
Ordering:Japan1
OutlineFileName:C:\Program Files\Adobe\Adobe InDesign 2024\Resources\cooltype\typesupport\CMaps\Adobe-Japan1-1
FileLength:3342
FileModTime:1711159342
%EndFont

%BeginFont
Handler:DirectoryHandler
FontType:CMap
CMapName:Adobe-Japan1-2
Registry:Adobe
Ordering:Japan1
OutlineFileName:C:\Program Files\Adobe\Adobe InDesign 2024\Resources\cooltype\typesupport\CMaps\Adobe-Japan1-2
FileLength:3380
FileModTime:1711159342
%EndFont

%BeginFont
Handler:DirectoryHandler
FontType:CMap
CMapName:Adobe-Japan1-3
Registry:Adobe
Ordering:Japan1
OutlineFileName:C:\Program Files\Adobe\Adobe InDesign 2024\Resources\cooltype\typesupport\CMaps\Adobe-Japan1-3
FileLength:3390
FileModTime:1711159342
%EndFont

%BeginFont
Handler:DirectoryHandler
FontType:CMap
CMapName:Adobe-Japan1-4
Registry:Adobe
Ordering:Japan1
OutlineFileName:C:\Program Files\Adobe\Adobe InDesign 2024\Resources\cooltype\typesupport\CMaps\Adobe-Japan1-4
FileLength:3868
FileModTime:1711159342
%EndFont

%BeginFont
Handler:DirectoryHandler
FontType:CMap
CMapName:Adobe-Japan1-5
Registry:Adobe
Ordering:Japan1
OutlineFileName:C:\Program Files\Adobe\Adobe InDesign 2024\Resources\cooltype\typesupport\CMaps\Adobe-Japan1-5
FileLength:4248
FileModTime:1711159342
%EndFont

%BeginFont
Handler:DirectoryHandler
FontType:CMap
CMapName:Adobe-Japan1-6
Registry:Adobe
Ordering:Japan1
OutlineFileName:C:\Program Files\Adobe\Adobe InDesign 2024\Resources\cooltype\typesupport\CMaps\Adobe-Japan1-6
FileLength:4468
FileModTime:1711159342
%EndFont

%BeginFont
Handler:DirectoryHandler
FontType:CMap
CMapName:Adobe-Japan1-7
Registry:Adobe
Ordering:Japan1
OutlineFileName:C:\Program Files\Adobe\Adobe InDesign 2024\Resources\cooltype\typesupport\CMaps\Adobe-Japan1-7
FileLength:4444
FileModTime:1711159342
%EndFont

%BeginFont
Handler:DirectoryHandler
FontType:CMap
CMapName:Adobe-Japan2-0
Registry:Adobe
Ordering:Japan2
OutlineFileName:C:\Program Files\Adobe\Adobe InDesign 2024\Resources\cooltype\typesupport\CMaps\Adobe-Japan2-0
FileLength:3168
FileModTime:1711159342
%EndFont

%BeginFont
Handler:DirectoryHandler
FontType:CMap
CMapName:Adobe-KR-0
Registry:Adobe
Ordering:KR
OutlineFileName:C:\Program Files\Adobe\Adobe InDesign 2024\Resources\cooltype\typesupport\CMaps\Adobe-KR-0
FileLength:2879
FileModTime:1711159342
%EndFont

%BeginFont
Handler:DirectoryHandler
FontType:CMap
CMapName:Adobe-KR-1
Registry:Adobe
Ordering:KR
OutlineFileName:C:\Program Files\Adobe\Adobe InDesign 2024\Resources\cooltype\typesupport\CMaps\Adobe-KR-1
FileLength:3012
FileModTime:1711159342
%EndFont

%BeginFont
Handler:DirectoryHandler
FontType:CMap
CMapName:Adobe-KR-2
Registry:Adobe
Ordering:KR
OutlineFileName:C:\Program Files\Adobe\Adobe InDesign 2024\Resources\cooltype\typesupport\CMaps\Adobe-KR-2
FileLength:3512
FileModTime:1711159342
%EndFont

%BeginFont
Handler:DirectoryHandler
FontType:CMap
CMapName:Adobe-KR-3
Registry:Adobe
Ordering:KR
OutlineFileName:C:\Program Files\Adobe\Adobe InDesign 2024\Resources\cooltype\typesupport\CMaps\Adobe-KR-3
FileLength:3532
FileModTime:1711159342
%EndFont

%BeginFont
Handler:DirectoryHandler
FontType:CMap
CMapName:Adobe-KR-4
Registry:Adobe
Ordering:KR
OutlineFileName:C:\Program Files\Adobe\Adobe InDesign 2024\Resources\cooltype\typesupport\CMaps\Adobe-KR-4
FileLength:3552
FileModTime:1711159342
%EndFont

%BeginFont
Handler:DirectoryHandler
FontType:CMap
CMapName:Adobe-KR-5
Registry:Adobe
Ordering:KR
OutlineFileName:C:\Program Files\Adobe\Adobe InDesign 2024\Resources\cooltype\typesupport\CMaps\Adobe-KR-5
FileLength:3572
FileModTime:1711159342
%EndFont

%BeginFont
Handler:DirectoryHandler
FontType:CMap
CMapName:Adobe-KR-6
Registry:Adobe
Ordering:KR
OutlineFileName:C:\Program Files\Adobe\Adobe InDesign 2024\Resources\cooltype\typesupport\CMaps\Adobe-KR-6
FileLength:3732
FileModTime:1711159342
%EndFont

%BeginFont
Handler:DirectoryHandler
FontType:CMap
CMapName:Adobe-KR-7
Registry:Adobe
Ordering:KR
OutlineFileName:C:\Program Files\Adobe\Adobe InDesign 2024\Resources\cooltype\typesupport\CMaps\Adobe-KR-7
FileLength:4092
FileModTime:1711159342
%EndFont

%BeginFont
Handler:DirectoryHandler
FontType:CMap
CMapName:Adobe-KR-8
Registry:Adobe
Ordering:KR
OutlineFileName:C:\Program Files\Adobe\Adobe InDesign 2024\Resources\cooltype\typesupport\CMaps\Adobe-KR-8
FileLength:4372
FileModTime:1711159342
%EndFont

%BeginFont
Handler:DirectoryHandler
FontType:CMap
CMapName:Adobe-KR-9
Registry:Adobe
Ordering:KR
OutlineFileName:C:\Program Files\Adobe\Adobe InDesign 2024\Resources\cooltype\typesupport\CMaps\Adobe-KR-9
FileLength:4412
FileModTime:1711159342
%EndFont

%BeginFont
Handler:DirectoryHandler
FontType:CMap
CMapName:Adobe-Korea1-0
Registry:Adobe
Ordering:Korea1
OutlineFileName:C:\Program Files\Adobe\Adobe InDesign 2024\Resources\cooltype\typesupport\CMaps\Adobe-Korea1-0
FileLength:3433
FileModTime:1711159342
%EndFont

%BeginFont
Handler:DirectoryHandler
FontType:CMap
CMapName:Adobe-Korea1-1
Registry:Adobe
Ordering:Korea1
OutlineFileName:C:\Program Files\Adobe\Adobe InDesign 2024\Resources\cooltype\typesupport\CMaps\Adobe-Korea1-1
FileLength:4089
FileModTime:1711159342
%EndFont

%BeginFont
Handler:DirectoryHandler
FontType:CMap
CMapName:Adobe-Korea1-2
Registry:Adobe
Ordering:Korea1
OutlineFileName:C:\Program Files\Adobe\Adobe InDesign 2024\Resources\cooltype\typesupport\CMaps\Adobe-Korea1-2
FileLength:4088
FileModTime:1711159342
%EndFont

%BeginFont
Handler:DirectoryHandler
FontType:CMap
CMapName:B5-H
Registry:Adobe
Ordering:CNS1
OutlineFileName:C:\Program Files\Adobe\Adobe InDesign 2024\Resources\cooltype\typesupport\CMaps\B5-H
FileLength:7493
FileModTime:1711159342
%EndFont

%BeginFont
Handler:DirectoryHandler
FontType:CMap
CMapName:B5-V
Registry:Adobe
Ordering:CNS1
UseCMap:B5-H
OutlineFileName:C:\Program Files\Adobe\Adobe InDesign 2024\Resources\cooltype\typesupport\CMaps\B5-V
FileLength:2924
FileModTime:1711159342
%EndFont

%BeginFont
Handler:DirectoryHandler
FontType:CMap
CMapName:B5pc-H
Registry:Adobe
Ordering:CNS1
OutlineFileName:C:\Program Files\Adobe\Adobe InDesign 2024\Resources\cooltype\typesupport\CMaps\B5pc-H
FileLength:7547
FileModTime:1711159342
%EndFont

%BeginFont
Handler:DirectoryHandler
FontType:CMap
CMapName:B5pc-V
Registry:Adobe
Ordering:CNS1
UseCMap:B5pc-H
OutlineFileName:C:\Program Files\Adobe\Adobe InDesign 2024\Resources\cooltype\typesupport\CMaps\B5pc-V
FileLength:2936
FileModTime:1711159342
%EndFont

%BeginFont
Handler:DirectoryHandler
FontType:CMap
CMapName:CNS-EUC-H
Registry:Adobe
Ordering:CNS1
OutlineFileName:C:\Program Files\Adobe\Adobe InDesign 2024\Resources\cooltype\typesupport\CMaps\CNS-EUC-H
FileLength:12246
FileModTime:1711159342
%EndFont

%BeginFont
Handler:DirectoryHandler
FontType:CMap
CMapName:CNS-EUC-V
Registry:Adobe
Ordering:CNS1
OutlineFileName:C:\Program Files\Adobe\Adobe InDesign 2024\Resources\cooltype\typesupport\CMaps\CNS-EUC-V
FileLength:13278
FileModTime:1711159342
%EndFont

%BeginFont
Handler:DirectoryHandler
FontType:CMap
CMapName:CNS1-H
Registry:Adobe
Ordering:CNS1
OutlineFileName:C:\Program Files\Adobe\Adobe InDesign 2024\Resources\cooltype\typesupport\CMaps\CNS1-H
FileLength:5611
FileModTime:1711159342
%EndFont

%BeginFont
Handler:DirectoryHandler
FontType:CMap
CMapName:CNS1-V
Registry:Adobe
Ordering:CNS1
UseCMap:CNS1-H
OutlineFileName:C:\Program Files\Adobe\Adobe InDesign 2024\Resources\cooltype\typesupport\CMaps\CNS1-V
FileLength:2932
FileModTime:1711159342
%EndFont

%BeginFont
Handler:DirectoryHandler
FontType:CMap
CMapName:CNS2-H
Registry:Adobe
Ordering:CNS1
OutlineFileName:C:\Program Files\Adobe\Adobe InDesign 2024\Resources\cooltype\typesupport\CMaps\CNS2-H
FileLength:4275
FileModTime:1711159342
%EndFont

%BeginFont
Handler:DirectoryHandler
FontType:CMap
CMapName:CNS2-V
Registry:Adobe
Ordering:CNS1
UseCMap:CNS2-H
OutlineFileName:C:\Program Files\Adobe\Adobe InDesign 2024\Resources\cooltype\typesupport\CMaps\CNS2-V
FileLength:2683
FileModTime:1711159342
%EndFont

%BeginFont
Handler:DirectoryHandler
FontType:CMap
CMapName:ETHK-B5-H
Registry:Adobe
Ordering:CNS1
OutlineFileName:C:\Program Files\Adobe\Adobe InDesign 2024\Resources\cooltype\typesupport\CMaps\ETHK-B5-H
FileLength:23202
FileModTime:1711159342
%EndFont

%BeginFont
Handler:DirectoryHandler
FontType:CMap
CMapName:ETHK-B5-V
Registry:Adobe
Ordering:CNS1
UseCMap:ETHK-B5-H
OutlineFileName:C:\Program Files\Adobe\Adobe InDesign 2024\Resources\cooltype\typesupport\CMaps\ETHK-B5-V
FileLength:2955
FileModTime:1711159342
%EndFont

%BeginFont
Handler:DirectoryHandler
FontType:CMap
CMapName:ETen-B5-H
Registry:Adobe
Ordering:CNS1
OutlineFileName:C:\Program Files\Adobe\Adobe InDesign 2024\Resources\cooltype\typesupport\CMaps\ETen-B5-H
FileLength:7703
FileModTime:1711159342
%EndFont

%BeginFont
Handler:DirectoryHandler
FontType:CMap
CMapName:ETen-B5-V
Registry:Adobe
Ordering:CNS1
UseCMap:ETen-B5-H
OutlineFileName:C:\Program Files\Adobe\Adobe InDesign 2024\Resources\cooltype\typesupport\CMaps\ETen-B5-V
FileLength:2974
FileModTime:1711159342
%EndFont

%BeginFont
Handler:DirectoryHandler
FontType:CMap
CMapName:ETenms-B5-H
Registry:Adobe
Ordering:CNS1
UseCMap:ETen-B5-H
OutlineFileName:C:\Program Files\Adobe\Adobe InDesign 2024\Resources\cooltype\typesupport\CMaps\ETenms-B5-H
FileLength:2729
FileModTime:1711159342
%EndFont

%BeginFont
Handler:DirectoryHandler
FontType:CMap
CMapName:ETenms-B5-V
Registry:Adobe
Ordering:CNS1
UseCMap:ETenms-B5-H
OutlineFileName:C:\Program Files\Adobe\Adobe InDesign 2024\Resources\cooltype\typesupport\CMaps\ETenms-B5-V
FileLength:3041
FileModTime:1711159342
%EndFont

%BeginFont
Handler:DirectoryHandler
FontType:CMap
CMapName:EUC-H
Registry:Adobe
Ordering:Japan1
OutlineFileName:C:\Program Files\Adobe\Adobe InDesign 2024\Resources\cooltype\typesupport\CMaps\EUC-H
FileLength:5075
FileModTime:1711159342
%EndFont

%BeginFont
Handler:DirectoryHandler
FontType:CMap
CMapName:EUC-V
Registry:Adobe
Ordering:Japan1
UseCMap:EUC-H
OutlineFileName:C:\Program Files\Adobe\Adobe InDesign 2024\Resources\cooltype\typesupport\CMaps\EUC-V
FileLength:3223
FileModTime:1711159342
%EndFont

%BeginFont
Handler:DirectoryHandler
FontType:CMap
CMapName:Ext-H
Registry:Adobe
Ordering:Japan1
OutlineFileName:C:\Program Files\Adobe\Adobe InDesign 2024\Resources\cooltype\typesupport\CMaps\Ext-H
FileLength:15424
FileModTime:1711159342
%EndFont

%BeginFont
Handler:DirectoryHandler
FontType:CMap
CMapName:Ext-RKSJ-H
Registry:Adobe
Ordering:Japan1
OutlineFileName:C:\Program Files\Adobe\Adobe InDesign 2024\Resources\cooltype\typesupport\CMaps\Ext-RKSJ-H
FileLength:15607
FileModTime:1711159342
%EndFont

%BeginFont
Handler:DirectoryHandler
FontType:CMap
CMapName:Ext-RKSJ-V
Registry:Adobe
Ordering:Japan1
UseCMap:Ext-RKSJ-H
OutlineFileName:C:\Program Files\Adobe\Adobe InDesign 2024\Resources\cooltype\typesupport\CMaps\Ext-RKSJ-V
FileLength:3481
FileModTime:1711159342
%EndFont

%BeginFont
Handler:DirectoryHandler
FontType:CMap
CMapName:Ext-V
Registry:Adobe
Ordering:Japan1
UseCMap:Ext-H
OutlineFileName:C:\Program Files\Adobe\Adobe InDesign 2024\Resources\cooltype\typesupport\CMaps\Ext-V
FileLength:3451
FileModTime:1711159342
%EndFont

%BeginFont
Handler:DirectoryHandler
FontType:CMap
CMapName:GB-EUC-H
Registry:Adobe
Ordering:GB1
OutlineFileName:C:\Program Files\Adobe\Adobe InDesign 2024\Resources\cooltype\typesupport\CMaps\GB-EUC-H
FileLength:4427
FileModTime:1711159342
%EndFont

%BeginFont
Handler:DirectoryHandler
FontType:CMap
CMapName:GB-EUC-V
Registry:Adobe
Ordering:GB1
UseCMap:GB-EUC-H
OutlineFileName:C:\Program Files\Adobe\Adobe InDesign 2024\Resources\cooltype\typesupport\CMaps\GB-EUC-V
FileLength:3100
FileModTime:1711159342
%EndFont

%BeginFont
Handler:DirectoryHandler
FontType:CMap
CMapName:GB-H
Registry:Adobe
Ordering:GB1
OutlineFileName:C:\Program Files\Adobe\Adobe InDesign 2024\Resources\cooltype\typesupport\CMaps\GB-H
FileLength:4322
FileModTime:1711159342
%EndFont

%BeginFont
Handler:DirectoryHandler
FontType:CMap
CMapName:GB-V
Registry:Adobe
Ordering:GB1
UseCMap:GB-H
OutlineFileName:C:\Program Files\Adobe\Adobe InDesign 2024\Resources\cooltype\typesupport\CMaps\GB-V
FileLength:3076
FileModTime:1711159342
%EndFont

%BeginFont
Handler:DirectoryHandler
FontType:CMap
CMapName:GBK-EUC-H
Registry:Adobe
Ordering:GB1
OutlineFileName:C:\Program Files\Adobe\Adobe InDesign 2024\Resources\cooltype\typesupport\CMaps\GBK-EUC-H
FileLength:83102
FileModTime:1711159342
%EndFont

%BeginFont
Handler:DirectoryHandler
FontType:CMap
CMapName:GBK-EUC-V
Registry:Adobe
Ordering:GB1
UseCMap:GBK-EUC-H
OutlineFileName:C:\Program Files\Adobe\Adobe InDesign 2024\Resources\cooltype\typesupport\CMaps\GBK-EUC-V
FileLength:3089
FileModTime:1711159342
%EndFont

%BeginFont
Handler:DirectoryHandler
FontType:CMap
CMapName:GBK2K-H
Registry:Adobe
Ordering:GB1
OutlineFileName:C:\Program Files\Adobe\Adobe InDesign 2024\Resources\cooltype\typesupport\CMaps\GBK2K-H
FileLength:90926
FileModTime:1711159342
%EndFont

%BeginFont
Handler:DirectoryHandler
FontType:CMap
CMapName:GBK2K-V
Registry:Adobe
Ordering:GB1
UseCMap:GBK2K-H
OutlineFileName:C:\Program Files\Adobe\Adobe InDesign 2024\Resources\cooltype\typesupport\CMaps\GBK2K-V
FileLength:3482
FileModTime:1711159342
%EndFont

%BeginFont
Handler:DirectoryHandler
FontType:CMap
CMapName:GBKp-EUC-H
Registry:Adobe
Ordering:GB1
OutlineFileName:C:\Program Files\Adobe\Adobe InDesign 2024\Resources\cooltype\typesupport\CMaps\GBKp-EUC-H
FileLength:83083
FileModTime:1711159342
%EndFont

%BeginFont
Handler:DirectoryHandler
FontType:CMap
CMapName:GBKp-EUC-V
Registry:Adobe
Ordering:GB1
UseCMap:GBKp-EUC-H
OutlineFileName:C:\Program Files\Adobe\Adobe InDesign 2024\Resources\cooltype\typesupport\CMaps\GBKp-EUC-V
FileLength:3095
FileModTime:1711159343
%EndFont

%BeginFont
Handler:DirectoryHandler
FontType:CMap
CMapName:GBT-EUC-H
Registry:Adobe
Ordering:GB1
OutlineFileName:C:\Program Files\Adobe\Adobe InDesign 2024\Resources\cooltype\typesupport\CMaps\GBT-EUC-H
FileLength:46773
FileModTime:1711159343
%EndFont

%BeginFont
Handler:DirectoryHandler
FontType:CMap
CMapName:GBT-EUC-V
Registry:Adobe
Ordering:GB1
UseCMap:GBT-EUC-H
OutlineFileName:C:\Program Files\Adobe\Adobe InDesign 2024\Resources\cooltype\typesupport\CMaps\GBT-EUC-V
FileLength:3108
FileModTime:1711159343
%EndFont

%BeginFont
Handler:DirectoryHandler
FontType:CMap
CMapName:GBT-H
Registry:Adobe
Ordering:GB1
OutlineFileName:C:\Program Files\Adobe\Adobe InDesign 2024\Resources\cooltype\typesupport\CMaps\GBT-H
FileLength:46668
FileModTime:1711159343
%EndFont

%BeginFont
Handler:DirectoryHandler
FontType:CMap
CMapName:GBT-V
Registry:Adobe
Ordering:GB1
UseCMap:GBT-H
OutlineFileName:C:\Program Files\Adobe\Adobe InDesign 2024\Resources\cooltype\typesupport\CMaps\GBT-V
FileLength:3084
FileModTime:1711159343
%EndFont

%BeginFont
Handler:DirectoryHandler
FontType:CMap
CMapName:GBTpc-EUC-H
Registry:Adobe
Ordering:GB1
OutlineFileName:C:\Program Files\Adobe\Adobe InDesign 2024\Resources\cooltype\typesupport\CMaps\GBTpc-EUC-H
FileLength:46803
FileModTime:1711159343
%EndFont

%BeginFont
Handler:DirectoryHandler
FontType:CMap
CMapName:GBTpc-EUC-V
Registry:Adobe
Ordering:GB1
UseCMap:GBTpc-EUC-H
OutlineFileName:C:\Program Files\Adobe\Adobe InDesign 2024\Resources\cooltype\typesupport\CMaps\GBTpc-EUC-V
FileLength:3120
FileModTime:1711159343
%EndFont

%BeginFont
Handler:DirectoryHandler
FontType:CMap
CMapName:GBpc-EUC-H
Registry:Adobe
Ordering:GB1
OutlineFileName:C:\Program Files\Adobe\Adobe InDesign 2024\Resources\cooltype\typesupport\CMaps\GBpc-EUC-H
FileLength:4455
FileModTime:1711159343
%EndFont

%BeginFont
Handler:DirectoryHandler
FontType:CMap
CMapName:GBpc-EUC-V
Registry:Adobe
Ordering:GB1
UseCMap:GBpc-EUC-H
OutlineFileName:C:\Program Files\Adobe\Adobe InDesign 2024\Resources\cooltype\typesupport\CMaps\GBpc-EUC-V
FileLength:3112
FileModTime:1711159343
%EndFont

%BeginFont
Handler:DirectoryHandler
FontType:CMap
CMapName:H
Registry:Adobe
Ordering:Japan1
OutlineFileName:C:\Program Files\Adobe\Adobe InDesign 2024\Resources\cooltype\typesupport\CMaps\H
FileLength:4941
FileModTime:1711159343
%EndFont

%BeginFont
Handler:DirectoryHandler
FontType:CMap
CMapName:HKdla-B5-H
Registry:Adobe
Ordering:CNS1
OutlineFileName:C:\Program Files\Adobe\Adobe InDesign 2024\Resources\cooltype\typesupport\CMaps\HKdla-B5-H
FileLength:23268
FileModTime:1711159343
%EndFont

%BeginFont
Handler:DirectoryHandler
FontType:CMap
CMapName:HKdla-B5-V
Registry:Adobe
Ordering:CNS1
UseCMap:HKdla-B5-H
OutlineFileName:C:\Program Files\Adobe\Adobe InDesign 2024\Resources\cooltype\typesupport\CMaps\HKdla-B5-V
FileLength:2941
FileModTime:1711159343
%EndFont

%BeginFont
Handler:DirectoryHandler
FontType:CMap
CMapName:HKdlb-B5-H
Registry:Adobe
Ordering:CNS1
OutlineFileName:C:\Program Files\Adobe\Adobe InDesign 2024\Resources\cooltype\typesupport\CMaps\HKdlb-B5-H
FileLength:20928
FileModTime:1711159343
%EndFont

%BeginFont
Handler:DirectoryHandler
FontType:CMap
CMapName:HKdlb-B5-V
Registry:Adobe
Ordering:CNS1
UseCMap:HKdlb-B5-H
OutlineFileName:C:\Program Files\Adobe\Adobe InDesign 2024\Resources\cooltype\typesupport\CMaps\HKdlb-B5-V
FileLength:2941
FileModTime:1711159343
%EndFont

%BeginFont
Handler:DirectoryHandler
FontType:CMap
CMapName:HKgccs-B5-H
Registry:Adobe
Ordering:CNS1
OutlineFileName:C:\Program Files\Adobe\Adobe InDesign 2024\Resources\cooltype\typesupport\CMaps\HKgccs-B5-H
FileLength:13724
FileModTime:1711159343
%EndFont

%BeginFont
Handler:DirectoryHandler
FontType:CMap
CMapName:HKgccs-B5-V
Registry:Adobe
Ordering:CNS1
UseCMap:HKgccs-B5-H
OutlineFileName:C:\Program Files\Adobe\Adobe InDesign 2024\Resources\cooltype\typesupport\CMaps\HKgccs-B5-V
FileLength:2947
FileModTime:1711159343
%EndFont

%BeginFont
Handler:DirectoryHandler
FontType:CMap
CMapName:HKm314-B5-H
Registry:Adobe
Ordering:CNS1
OutlineFileName:C:\Program Files\Adobe\Adobe InDesign 2024\Resources\cooltype\typesupport\CMaps\HKm314-B5-H
FileLength:13537
FileModTime:1711159343
%EndFont

%BeginFont
Handler:DirectoryHandler
FontType:CMap
CMapName:HKm314-B5-V
Registry:Adobe
Ordering:CNS1
UseCMap:HKm314-B5-H
OutlineFileName:C:\Program Files\Adobe\Adobe InDesign 2024\Resources\cooltype\typesupport\CMaps\HKm314-B5-V
FileLength:2947
FileModTime:1711159343
%EndFont

%BeginFont
Handler:DirectoryHandler
FontType:CMap
CMapName:HKm471-B5-H
Registry:Adobe
Ordering:CNS1
OutlineFileName:C:\Program Files\Adobe\Adobe InDesign 2024\Resources\cooltype\typesupport\CMaps\HKm471-B5-H
FileLength:16507
FileModTime:1711159343
%EndFont

%BeginFont
Handler:DirectoryHandler
FontType:CMap
CMapName:HKm471-B5-V
Registry:Adobe
Ordering:CNS1
UseCMap:HKm471-B5-H
OutlineFileName:C:\Program Files\Adobe\Adobe InDesign 2024\Resources\cooltype\typesupport\CMaps\HKm471-B5-V
FileLength:2947
FileModTime:1711159343
%EndFont

%BeginFont
Handler:DirectoryHandler
FontType:CMap
CMapName:HKscs-B5-H
Registry:Adobe
Ordering:CNS1
OutlineFileName:C:\Program Files\Adobe\Adobe InDesign 2024\Resources\cooltype\typesupport\CMaps\HKscs-B5-H
FileLength:23253
FileModTime:1711159343
%EndFont

%BeginFont
Handler:DirectoryHandler
FontType:CMap
CMapName:HKscs-B5-V
Registry:Adobe
Ordering:CNS1
UseCMap:HKscs-B5-H
OutlineFileName:C:\Program Files\Adobe\Adobe InDesign 2024\Resources\cooltype\typesupport\CMaps\HKscs-B5-V
FileLength:2961
FileModTime:1711159343
%EndFont

%BeginFont
Handler:DirectoryHandler
FontType:CMap
CMapName:Hankaku
Registry:Adobe
Ordering:Japan1
OutlineFileName:C:\Program Files\Adobe\Adobe InDesign 2024\Resources\cooltype\typesupport\CMaps\Hankaku
FileLength:2821
FileModTime:1711159343
%EndFont

%BeginFont
Handler:DirectoryHandler
FontType:CMap
CMapName:Hiragana
Registry:Adobe
Ordering:Japan1
OutlineFileName:C:\Program Files\Adobe\Adobe InDesign 2024\Resources\cooltype\typesupport\CMaps\Hiragana
FileLength:2795
FileModTime:1711159343
%EndFont

%BeginFont
Handler:DirectoryHandler
FontType:CMap
CMapName:Hojo-EUC-H
Registry:Adobe
Ordering:Japan2
OutlineFileName:C:\Program Files\Adobe\Adobe InDesign 2024\Resources\cooltype\typesupport\CMaps\Hojo-EUC-H
FileLength:4626
FileModTime:1711159343
%EndFont

%BeginFont
Handler:DirectoryHandler
FontType:CMap
CMapName:Hojo-EUC-V
Registry:Adobe
Ordering:Japan2
UseCMap:Hojo-EUC-H
OutlineFileName:C:\Program Files\Adobe\Adobe InDesign 2024\Resources\cooltype\typesupport\CMaps\Hojo-EUC-V
FileLength:2709
FileModTime:1711159343
%EndFont

%BeginFont
Handler:DirectoryHandler
FontType:CMap
CMapName:Hojo-H
Registry:Adobe
Ordering:Japan2
OutlineFileName:C:\Program Files\Adobe\Adobe InDesign 2024\Resources\cooltype\typesupport\CMaps\Hojo-H
FileLength:4276
FileModTime:1711159343
%EndFont

%BeginFont
Handler:DirectoryHandler
FontType:CMap
CMapName:Hojo-V
Registry:Adobe
Ordering:Japan2
UseCMap:Hojo-H
OutlineFileName:C:\Program Files\Adobe\Adobe InDesign 2024\Resources\cooltype\typesupport\CMaps\Hojo-V
FileLength:2685
FileModTime:1711159343
%EndFont

%BeginFont
Handler:DirectoryHandler
FontType:CMap
CMapName:Identity-H
Registry:Adobe
Ordering:Identity
OutlineFileName:C:\Program Files\Adobe\Adobe InDesign 2024\Resources\cooltype\typesupport\CMaps\Identity-H
FileLength:7820
FileModTime:1711159343
%EndFont

%BeginFont
Handler:DirectoryHandler
FontType:CMap
CMapName:Identity-V
Registry:Adobe
Ordering:Identity
UseCMap:Identity-H
OutlineFileName:C:\Program Files\Adobe\Adobe InDesign 2024\Resources\cooltype\typesupport\CMaps\Identity-V
FileLength:2619
FileModTime:1711159343
%EndFont

%BeginFont
Handler:DirectoryHandler
FontType:CMap
CMapName:KSC-EUC-H
Registry:Adobe
Ordering:Korea1
OutlineFileName:C:\Program Files\Adobe\Adobe InDesign 2024\Resources\cooltype\typesupport\CMaps\KSC-EUC-H
FileLength:11728
FileModTime:1711159343
%EndFont

%BeginFont
Handler:DirectoryHandler
FontType:CMap
CMapName:KSC-EUC-V
Registry:Adobe
Ordering:Korea1
UseCMap:KSC-EUC-H
OutlineFileName:C:\Program Files\Adobe\Adobe InDesign 2024\Resources\cooltype\typesupport\CMaps\KSC-EUC-V
FileLength:3036
FileModTime:1711159343
%EndFont

%BeginFont
Handler:DirectoryHandler
FontType:CMap
CMapName:KSC-H
Registry:Adobe
Ordering:Korea1
OutlineFileName:C:\Program Files\Adobe\Adobe InDesign 2024\Resources\cooltype\typesupport\CMaps\KSC-H
FileLength:11637
FileModTime:1711159343
%EndFont

%BeginFont
Handler:DirectoryHandler
FontType:CMap
CMapName:KSC-Johab-H
Registry:Adobe
Ordering:Korea1
OutlineFileName:C:\Program Files\Adobe\Adobe InDesign 2024\Resources\cooltype\typesupport\CMaps\KSC-Johab-H
FileLength:84250
FileModTime:1711159343
%EndFont

%BeginFont
Handler:DirectoryHandler
FontType:CMap
CMapName:KSC-Johab-V
Registry:Adobe
Ordering:Korea1
UseCMap:KSC-Johab-H
OutlineFileName:C:\Program Files\Adobe\Adobe InDesign 2024\Resources\cooltype\typesupport\CMaps\KSC-Johab-V
FileLength:3050
FileModTime:1711159343
%EndFont

%BeginFont
Handler:DirectoryHandler
FontType:CMap
CMapName:KSC-V
Registry:Adobe
Ordering:Korea1
UseCMap:KSC-H
OutlineFileName:C:\Program Files\Adobe\Adobe InDesign 2024\Resources\cooltype\typesupport\CMaps\KSC-V
FileLength:3012
FileModTime:1711159343
%EndFont

%BeginFont
Handler:DirectoryHandler
FontType:CMap
CMapName:KSCms-UHC-H
Registry:Adobe
Ordering:Korea1
OutlineFileName:C:\Program Files\Adobe\Adobe InDesign 2024\Resources\cooltype\typesupport\CMaps\KSCms-UHC-H
FileLength:15940
FileModTime:1711159343
%EndFont

%BeginFont
Handler:DirectoryHandler
FontType:CMap
CMapName:KSCms-UHC-HW-H
Registry:Adobe
Ordering:Korea1
OutlineFileName:C:\Program Files\Adobe\Adobe InDesign 2024\Resources\cooltype\typesupport\CMaps\KSCms-UHC-HW-H
FileLength:15936
FileModTime:1711159343
%EndFont

%BeginFont
Handler:DirectoryHandler
FontType:CMap
CMapName:KSCms-UHC-HW-V
Registry:Adobe
Ordering:Korea1
UseCMap:KSCms-UHC-HW-H
OutlineFileName:C:\Program Files\Adobe\Adobe InDesign 2024\Resources\cooltype\typesupport\CMaps\KSCms-UHC-HW-V
FileLength:3049
FileModTime:1711159343
%EndFont

%BeginFont
Handler:DirectoryHandler
FontType:CMap
CMapName:KSCms-UHC-V
Registry:Adobe
Ordering:Korea1
UseCMap:KSCms-UHC-H
OutlineFileName:C:\Program Files\Adobe\Adobe InDesign 2024\Resources\cooltype\typesupport\CMaps\KSCms-UHC-V
FileLength:3050
FileModTime:1711159343
%EndFont

%BeginFont
Handler:DirectoryHandler
FontType:CMap
CMapName:KSCpc-EUC-H
Registry:Adobe
Ordering:Korea1
OutlineFileName:C:\Program Files\Adobe\Adobe InDesign 2024\Resources\cooltype\typesupport\CMaps\KSCpc-EUC-H
FileLength:12555
FileModTime:1711159343
%EndFont

%BeginFont
Handler:DirectoryHandler
FontType:CMap
CMapName:KSCpc-EUC-V
Registry:Adobe
Ordering:Korea1
UseCMap:KSCpc-EUC-H
OutlineFileName:C:\Program Files\Adobe\Adobe InDesign 2024\Resources\cooltype\typesupport\CMaps\KSCpc-EUC-V
FileLength:3048
FileModTime:1711159343
%EndFont

%BeginFont
Handler:DirectoryHandler
FontType:CMap
CMapName:Katakana
Registry:Adobe
Ordering:Japan1
OutlineFileName:C:\Program Files\Adobe\Adobe InDesign 2024\Resources\cooltype\typesupport\CMaps\Katakana
FileLength:2711
FileModTime:1711159343
%EndFont

%BeginFont
Handler:DirectoryHandler
FontType:CMap
CMapName:NWP-H
Registry:Adobe
Ordering:Japan1
OutlineFileName:C:\Program Files\Adobe\Adobe InDesign 2024\Resources\cooltype\typesupport\CMaps\NWP-H
FileLength:17298
FileModTime:1711159343
%EndFont

%BeginFont
Handler:DirectoryHandler
FontType:CMap
CMapName:NWP-V
Registry:Adobe
Ordering:Japan1
UseCMap:NWP-H
OutlineFileName:C:\Program Files\Adobe\Adobe InDesign 2024\Resources\cooltype\typesupport\CMaps\NWP-V
FileLength:3603
FileModTime:1711159343
%EndFont

%BeginFont
Handler:DirectoryHandler
FontType:CMap
CMapName:RKSJ-H
Registry:Adobe
Ordering:Japan1
OutlineFileName:C:\Program Files\Adobe\Adobe InDesign 2024\Resources\cooltype\typesupport\CMaps\RKSJ-H
FileLength:5124
FileModTime:1711159343
%EndFont

%BeginFont
Handler:DirectoryHandler
FontType:CMap
CMapName:RKSJ-V
Registry:Adobe
Ordering:Japan1
UseCMap:RKSJ-H
OutlineFileName:C:\Program Files\Adobe\Adobe InDesign 2024\Resources\cooltype\typesupport\CMaps\RKSJ-V
FileLength:3229
FileModTime:1711159343
%EndFont

%BeginFont
Handler:DirectoryHandler
FontType:CMap
CMapName:Roman
Registry:Adobe
Ordering:Japan1
OutlineFileName:C:\Program Files\Adobe\Adobe InDesign 2024\Resources\cooltype\typesupport\CMaps\Roman
FileLength:2688
FileModTime:1711159343
%EndFont

%BeginFont
Handler:DirectoryHandler
FontType:CMap
CMapName:UniAKR-UTF16-H
Registry:Adobe
Ordering:KR
OutlineFileName:C:\Program Files\Adobe\Adobe InDesign 2024\Resources\cooltype\typesupport\CMaps\UniAKR-UTF16-H
FileLength:186553
FileModTime:1711159343
%EndFont

%BeginFont
Handler:DirectoryHandler
FontType:CMap
CMapName:UniAKR-UTF32-H
Registry:Adobe
Ordering:KR
OutlineFileName:C:\Program Files\Adobe\Adobe InDesign 2024\Resources\cooltype\typesupport\CMaps\UniAKR-UTF32-H
FileLength:250494
FileModTime:1711159343
%EndFont

%BeginFont
Handler:DirectoryHandler
FontType:CMap
CMapName:UniAKR-UTF8-H
Registry:Adobe
Ordering:KR
OutlineFileName:C:\Program Files\Adobe\Adobe InDesign 2024\Resources\cooltype\typesupport\CMaps\UniAKR-UTF8-H
FileLength:220008
FileModTime:1711159343
%EndFont

%BeginFont
Handler:DirectoryHandler
FontType:CMap
CMapName:UniCNS-UCS2-H
Registry:Adobe
Ordering:CNS1
OutlineFileName:C:\Program Files\Adobe\Adobe InDesign 2024\Resources\cooltype\typesupport\CMaps\UniCNS-UCS2-H
FileLength:326349
FileModTime:1711159343
%EndFont

%BeginFont
Handler:DirectoryHandler
FontType:CMap
CMapName:UniCNS-UCS2-V
Registry:Adobe
Ordering:CNS1
UseCMap:UniCNS-UCS2-H
OutlineFileName:C:\Program Files\Adobe\Adobe InDesign 2024\Resources\cooltype\typesupport\CMaps\UniCNS-UCS2-V
FileLength:2971
FileModTime:1711159343
%EndFont

%BeginFont
Handler:DirectoryHandler
FontType:CMap
CMapName:UniCNS-UTF16-H
Registry:Adobe
Ordering:CNS1
OutlineFileName:C:\Program Files\Adobe\Adobe InDesign 2024\Resources\cooltype\typesupport\CMaps\UniCNS-UTF16-H
FileLength:253253
FileModTime:1711159343
%EndFont

%BeginFont
Handler:DirectoryHandler
FontType:CMap
CMapName:UniCNS-UTF16-V
Registry:Adobe
Ordering:CNS1
UseCMap:UniCNS-UTF16-H
OutlineFileName:C:\Program Files\Adobe\Adobe InDesign 2024\Resources\cooltype\typesupport\CMaps\UniCNS-UTF16-V
FileLength:2960
FileModTime:1711159343
%EndFont

%BeginFont
Handler:DirectoryHandler
FontType:CMap
CMapName:UniCNS-UTF32-H
Registry:Adobe
Ordering:CNS1
OutlineFileName:C:\Program Files\Adobe\Adobe InDesign 2024\Resources\cooltype\typesupport\CMaps\UniCNS-UTF32-H
FileLength:324657
FileModTime:1711159343
%EndFont

%BeginFont
Handler:DirectoryHandler
FontType:CMap
CMapName:UniCNS-UTF32-V
Registry:Adobe
Ordering:CNS1
UseCMap:UniCNS-UTF32-H
OutlineFileName:C:\Program Files\Adobe\Adobe InDesign 2024\Resources\cooltype\typesupport\CMaps\UniCNS-UTF32-V
FileLength:3040
FileModTime:1711159343
%EndFont

%BeginFont
Handler:DirectoryHandler
FontType:CMap
CMapName:UniCNS-UTF8-H
Registry:Adobe
Ordering:CNS1
OutlineFileName:C:\Program Files\Adobe\Adobe InDesign 2024\Resources\cooltype\typesupport\CMaps\UniCNS-UTF8-H
FileLength:290056
FileModTime:1711159343
%EndFont

%BeginFont
Handler:DirectoryHandler
FontType:CMap
CMapName:UniCNS-UTF8-V
Registry:Adobe
Ordering:CNS1
UseCMap:UniCNS-UTF8-H
OutlineFileName:C:\Program Files\Adobe\Adobe InDesign 2024\Resources\cooltype\typesupport\CMaps\UniCNS-UTF8-V
FileLength:2996
FileModTime:1711159343
%EndFont

%BeginFont
Handler:DirectoryHandler
FontType:CMap
CMapName:UniGB-UCS2-H
Registry:Adobe
Ordering:GB1
OutlineFileName:C:\Program Files\Adobe\Adobe InDesign 2024\Resources\cooltype\typesupport\CMaps\UniGB-UCS2-H
FileLength:274383
FileModTime:1711159343
%EndFont

%BeginFont
Handler:DirectoryHandler
FontType:CMap
CMapName:UniGB-UCS2-V
Registry:Adobe
Ordering:GB1
UseCMap:UniGB-UCS2-H
OutlineFileName:C:\Program Files\Adobe\Adobe InDesign 2024\Resources\cooltype\typesupport\CMaps\UniGB-UCS2-V
FileLength:3167
FileModTime:1711159343
%EndFont

%BeginFont
Handler:DirectoryHandler
FontType:CMap
CMapName:UniGB-UTF16-H
Registry:Adobe
Ordering:GB1
OutlineFileName:C:\Program Files\Adobe\Adobe InDesign 2024\Resources\cooltype\typesupport\CMaps\UniGB-UTF16-H
FileLength:199981
FileModTime:1711159343
%EndFont

%BeginFont
Handler:DirectoryHandler
FontType:CMap
CMapName:UniGB-UTF16-V
Registry:Adobe
Ordering:GB1
UseCMap:UniGB-UTF16-H
OutlineFileName:C:\Program Files\Adobe\Adobe InDesign 2024\Resources\cooltype\typesupport\CMaps\UniGB-UTF16-V
FileLength:3061
FileModTime:1711159343
%EndFont

%BeginFont
Handler:DirectoryHandler
FontType:CMap
CMapName:UniGB-UTF32-H
Registry:Adobe
Ordering:GB1
OutlineFileName:C:\Program Files\Adobe\Adobe InDesign 2024\Resources\cooltype\typesupport\CMaps\UniGB-UTF32-H
FileLength:267909
FileModTime:1711159343
%EndFont

%BeginFont
Handler:DirectoryHandler
FontType:CMap
CMapName:UniGB-UTF32-V
Registry:Adobe
Ordering:GB1
UseCMap:UniGB-UTF32-H
OutlineFileName:C:\Program Files\Adobe\Adobe InDesign 2024\Resources\cooltype\typesupport\CMaps\UniGB-UTF32-V
FileLength:3177
FileModTime:1711159343
%EndFont

%BeginFont
Handler:DirectoryHandler
FontType:CMap
CMapName:UniGB-UTF8-H
Registry:Adobe
Ordering:GB1
OutlineFileName:C:\Program Files\Adobe\Adobe InDesign 2024\Resources\cooltype\typesupport\CMaps\UniGB-UTF8-H
FileLength:237834
FileModTime:1711159343
%EndFont

%BeginFont
Handler:DirectoryHandler
FontType:CMap
CMapName:UniGB-UTF8-V
Registry:Adobe
Ordering:GB1
UseCMap:UniGB-UTF8-H
OutlineFileName:C:\Program Files\Adobe\Adobe InDesign 2024\Resources\cooltype\typesupport\CMaps\UniGB-UTF8-V
FileLength:3115
FileModTime:1711159343
%EndFont

%BeginFont
Handler:DirectoryHandler
FontType:CMap
CMapName:UniHojo-UCS2-H
Registry:Adobe
Ordering:Japan2
OutlineFileName:C:\Program Files\Adobe\Adobe InDesign 2024\Resources\cooltype\typesupport\CMaps\UniHojo-UCS2-H
FileLength:83592
FileModTime:1711159343
%EndFont

%BeginFont
Handler:DirectoryHandler
FontType:CMap
CMapName:UniHojo-UCS2-V
Registry:Adobe
Ordering:Japan2
UseCMap:UniHojo-UCS2-H
OutlineFileName:C:\Program Files\Adobe\Adobe InDesign 2024\Resources\cooltype\typesupport\CMaps\UniHojo-UCS2-V
FileLength:2714
FileModTime:1711159343
%EndFont

%BeginFont
Handler:DirectoryHandler
FontType:CMap
CMapName:UniHojo-UTF16-H
Registry:Adobe
Ordering:Japan2
OutlineFileName:C:\Program Files\Adobe\Adobe InDesign 2024\Resources\cooltype\typesupport\CMaps\UniHojo-UTF16-H
FileLength:62948
FileModTime:1711159343
%EndFont

%BeginFont
Handler:DirectoryHandler
FontType:CMap
CMapName:UniHojo-UTF16-V
Registry:Adobe
Ordering:Japan2
UseCMap:UniHojo-UTF16-H
OutlineFileName:C:\Program Files\Adobe\Adobe InDesign 2024\Resources\cooltype\typesupport\CMaps\UniHojo-UTF16-V
FileLength:2720
FileModTime:1711159343
%EndFont

%BeginFont
Handler:DirectoryHandler
FontType:CMap
CMapName:UniHojo-UTF32-H
Registry:Adobe
Ordering:Japan2
OutlineFileName:C:\Program Files\Adobe\Adobe InDesign 2024\Resources\cooltype\typesupport\CMaps\UniHojo-UTF32-H
FileLength:84821
FileModTime:1711159343
%EndFont

%BeginFont
Handler:DirectoryHandler
FontType:CMap
CMapName:UniHojo-UTF32-V
Registry:Adobe
Ordering:Japan2
UseCMap:UniHojo-UTF32-H
OutlineFileName:C:\Program Files\Adobe\Adobe InDesign 2024\Resources\cooltype\typesupport\CMaps\UniHojo-UTF32-V
FileLength:2720
FileModTime:1711159343
%EndFont

%BeginFont
Handler:DirectoryHandler
FontType:CMap
CMapName:UniHojo-UTF8-H
Registry:Adobe
Ordering:Japan2
OutlineFileName:C:\Program Files\Adobe\Adobe InDesign 2024\Resources\cooltype\typesupport\CMaps\UniHojo-UTF8-H
FileLength:73701
FileModTime:1711159343
%EndFont

%BeginFont
Handler:DirectoryHandler
FontType:CMap
CMapName:UniHojo-UTF8-V
Registry:Adobe
Ordering:Japan2
UseCMap:UniHojo-UTF8-H
OutlineFileName:C:\Program Files\Adobe\Adobe InDesign 2024\Resources\cooltype\typesupport\CMaps\UniHojo-UTF8-V
FileLength:2716
FileModTime:1711159343
%EndFont

%BeginFont
Handler:DirectoryHandler
FontType:CMap
CMapName:UniJIS-UCS2-H
Registry:Adobe
Ordering:Japan1
OutlineFileName:C:\Program Files\Adobe\Adobe InDesign 2024\Resources\cooltype\typesupport\CMaps\UniJIS-UCS2-H
FileLength:168597
FileModTime:1711159343
%EndFont

%BeginFont
Handler:DirectoryHandler
FontType:CMap
CMapName:UniJIS-UCS2-HW-H
Registry:Adobe
Ordering:Japan1
UseCMap:UniJIS-UCS2-H
OutlineFileName:C:\Program Files\Adobe\Adobe InDesign 2024\Resources\cooltype\typesupport\CMaps\UniJIS-UCS2-HW-H
FileLength:2820
FileModTime:1711159343
%EndFont

%BeginFont
Handler:DirectoryHandler
FontType:CMap
CMapName:UniJIS-UCS2-HW-V
Registry:Adobe
Ordering:Japan1
UseCMap:UniJIS-UCS2-H
OutlineFileName:C:\Program Files\Adobe\Adobe InDesign 2024\Resources\cooltype\typesupport\CMaps\UniJIS-UCS2-HW-V
FileLength:6591
FileModTime:1711159343
%EndFont

%BeginFont
Handler:DirectoryHandler
FontType:CMap
CMapName:UniJIS-UCS2-V
Registry:Adobe
Ordering:Japan1
UseCMap:UniJIS-UCS2-H
OutlineFileName:C:\Program Files\Adobe\Adobe InDesign 2024\Resources\cooltype\typesupport\CMaps\UniJIS-UCS2-V
FileLength:6509
FileModTime:1711159343
%EndFont

%BeginFont
Handler:DirectoryHandler
FontType:CMap
CMapName:UniJIS-UTF16-H
Registry:Adobe
Ordering:Japan1
OutlineFileName:C:\Program Files\Adobe\Adobe InDesign 2024\Resources\cooltype\typesupport\CMaps\UniJIS-UTF16-H
FileLength:188084
FileModTime:1711159343
%EndFont

%BeginFont
Handler:DirectoryHandler
FontType:CMap
CMapName:UniJIS-UTF16-V
Registry:Adobe
Ordering:Japan1
UseCMap:UniJIS-UTF16-H
OutlineFileName:C:\Program Files\Adobe\Adobe InDesign 2024\Resources\cooltype\typesupport\CMaps\UniJIS-UTF16-V
FileLength:5771
FileModTime:1711159343
%EndFont

%BeginFont
Handler:DirectoryHandler
FontType:CMap
CMapName:UniJIS-UTF32-H
Registry:Adobe
Ordering:Japan1
OutlineFileName:C:\Program Files\Adobe\Adobe InDesign 2024\Resources\cooltype\typesupport\CMaps\UniJIS-UTF32-H
FileLength:245280
FileModTime:1711159343
%EndFont

%BeginFont
Handler:DirectoryHandler
FontType:CMap
CMapName:UniJIS-UTF32-V
Registry:Adobe
Ordering:Japan1
UseCMap:UniJIS-UTF32-H
OutlineFileName:C:\Program Files\Adobe\Adobe InDesign 2024\Resources\cooltype\typesupport\CMaps\UniJIS-UTF32-V
FileLength:6803
FileModTime:1711159343
%EndFont

%BeginFont
Handler:DirectoryHandler
FontType:CMap
CMapName:UniJIS-UTF8-H
Registry:Adobe
Ordering:Japan1
OutlineFileName:C:\Program Files\Adobe\Adobe InDesign 2024\Resources\cooltype\typesupport\CMaps\UniJIS-UTF8-H
FileLength:216315
FileModTime:1711159343
%EndFont

%BeginFont
Handler:DirectoryHandler
FontType:CMap
CMapName:UniJIS-UTF8-V
Registry:Adobe
Ordering:Japan1
UseCMap:UniJIS-UTF8-H
OutlineFileName:C:\Program Files\Adobe\Adobe InDesign 2024\Resources\cooltype\typesupport\CMaps\UniJIS-UTF8-V
FileLength:6296
FileModTime:1711159343
%EndFont

%BeginFont
Handler:DirectoryHandler
FontType:CMap
CMapName:UniJIS2004-UTF16-H
Registry:Adobe
Ordering:Japan1
OutlineFileName:C:\Program Files\Adobe\Adobe InDesign 2024\Resources\cooltype\typesupport\CMaps\UniJIS2004-UTF16-H
FileLength:188164
FileModTime:1711159343
%EndFont

%BeginFont
Handler:DirectoryHandler
FontType:CMap
CMapName:UniJIS2004-UTF16-V
Registry:Adobe
Ordering:Japan1
UseCMap:UniJIS2004-UTF16-H
OutlineFileName:C:\Program Files\Adobe\Adobe InDesign 2024\Resources\cooltype\typesupport\CMaps\UniJIS2004-UTF16-V
FileLength:5795
FileModTime:1711159343
%EndFont

%BeginFont
Handler:DirectoryHandler
FontType:CMap
CMapName:UniJIS2004-UTF32-H
Registry:Adobe
Ordering:Japan1
OutlineFileName:C:\Program Files\Adobe\Adobe InDesign 2024\Resources\cooltype\typesupport\CMaps\UniJIS2004-UTF32-H
FileLength:245360
FileModTime:1711159343
%EndFont

%BeginFont
Handler:DirectoryHandler
FontType:CMap
CMapName:UniJIS2004-UTF32-V
Registry:Adobe
Ordering:Japan1
UseCMap:UniJIS2004-UTF32-H
OutlineFileName:C:\Program Files\Adobe\Adobe InDesign 2024\Resources\cooltype\typesupport\CMaps\UniJIS2004-UTF32-V
FileLength:6827
FileModTime:1711159343
%EndFont

%BeginFont
Handler:DirectoryHandler
FontType:CMap
CMapName:UniJIS2004-UTF8-H
Registry:Adobe
Ordering:Japan1
OutlineFileName:C:\Program Files\Adobe\Adobe InDesign 2024\Resources\cooltype\typesupport\CMaps\UniJIS2004-UTF8-H
FileLength:216393
FileModTime:1711159343
%EndFont

%BeginFont
Handler:DirectoryHandler
FontType:CMap
CMapName:UniJIS2004-UTF8-V
Registry:Adobe
Ordering:Japan1
UseCMap:UniJIS2004-UTF8-H
OutlineFileName:C:\Program Files\Adobe\Adobe InDesign 2024\Resources\cooltype\typesupport\CMaps\UniJIS2004-UTF8-V
FileLength:6318
FileModTime:1711159343
%EndFont

%BeginFont
Handler:DirectoryHandler
FontType:CMap
CMapName:UniJISB-UCS2-H
Registry:Adobe
Ordering:Japan1
OutlineFileName:C:\Program Files\Adobe\Adobe InDesign 2024\Resources\cooltype\typesupport\CMaps\UniJISB-UCS2-H
FileLength:135930
FileModTime:1711159343
%EndFont

%BeginFont
Handler:DirectoryHandler
FontType:CMap
CMapName:UniJISPro-UCS2-HW-V
Registry:Adobe
Ordering:Japan1
UseCMap:UniJIS-UCS2-H
OutlineFileName:C:\Program Files\Adobe\Adobe InDesign 2024\Resources\cooltype\typesupport\CMaps\UniJISPro-UCS2-HW-V
FileLength:6729
FileModTime:1711159343
%EndFont

%BeginFont
Handler:DirectoryHandler
FontType:CMap
CMapName:UniJISPro-UCS2-V
Registry:Adobe
Ordering:Japan1
UseCMap:UniJIS-UCS2-H
OutlineFileName:C:\Program Files\Adobe\Adobe InDesign 2024\Resources\cooltype\typesupport\CMaps\UniJISPro-UCS2-V
FileLength:6618
FileModTime:1711159343
%EndFont

%BeginFont
Handler:DirectoryHandler
FontType:CMap
CMapName:UniJISPro-UTF8-V
Registry:Adobe
Ordering:Japan1
UseCMap:UniJIS-UTF8-H
OutlineFileName:C:\Program Files\Adobe\Adobe InDesign 2024\Resources\cooltype\typesupport\CMaps\UniJISPro-UTF8-V
FileLength:7467
FileModTime:1711159343
%EndFont

%BeginFont
Handler:DirectoryHandler
FontType:CMap
CMapName:UniJISX0213-UTF32-H
Registry:Adobe
Ordering:Japan1
OutlineFileName:C:\Program Files\Adobe\Adobe InDesign 2024\Resources\cooltype\typesupport\CMaps\UniJISX0213-UTF32-H
FileLength:245242
FileModTime:1711159343
%EndFont

%BeginFont
Handler:DirectoryHandler
FontType:CMap
CMapName:UniJISX0213-UTF32-V
Registry:Adobe
Ordering:Japan1
UseCMap:UniJISX0213-UTF32-H
OutlineFileName:C:\Program Files\Adobe\Adobe InDesign 2024\Resources\cooltype\typesupport\CMaps\UniJISX0213-UTF32-V
FileLength:6769
FileModTime:1711159343
%EndFont

%BeginFont
Handler:DirectoryHandler
FontType:CMap
CMapName:UniJISX02132004-UTF32-H
Registry:Adobe
Ordering:Japan1
OutlineFileName:C:\Program Files\Adobe\Adobe InDesign 2024\Resources\cooltype\typesupport\CMaps\UniJISX02132004-UTF32-H
FileLength:245350
FileModTime:1711159343
%EndFont

%BeginFont
Handler:DirectoryHandler
FontType:CMap
CMapName:UniJISX02132004-UTF32-V
Registry:Adobe
Ordering:Japan1
UseCMap:UniJISX02132004-UTF32-H
OutlineFileName:C:\Program Files\Adobe\Adobe InDesign 2024\Resources\cooltype\typesupport\CMaps\UniJISX02132004-UTF32-V
FileLength:6793
FileModTime:1711159343
%EndFont

%BeginFont
Handler:DirectoryHandler
FontType:CMap
CMapName:UniKS-UCS2-H
Registry:Adobe
Ordering:Korea1
OutlineFileName:C:\Program Files\Adobe\Adobe InDesign 2024\Resources\cooltype\typesupport\CMaps\UniKS-UCS2-H
FileLength:166009
FileModTime:1711159343
%EndFont

%BeginFont
Handler:DirectoryHandler
FontType:CMap
CMapName:UniKS-UCS2-V
Registry:Adobe
Ordering:Korea1
UseCMap:UniKS-UCS2-H
OutlineFileName:C:\Program Files\Adobe\Adobe InDesign 2024\Resources\cooltype\typesupport\CMaps\UniKS-UCS2-V
FileLength:3076
FileModTime:1711159343
%EndFont

%BeginFont
Handler:DirectoryHandler
FontType:CMap
CMapName:UniKS-UTF16-H
Registry:Adobe
Ordering:Korea1
OutlineFileName:C:\Program Files\Adobe\Adobe InDesign 2024\Resources\cooltype\typesupport\CMaps\UniKS-UTF16-H
FileLength:122938
FileModTime:1711159343
%EndFont

%BeginFont
Handler:DirectoryHandler
FontType:CMap
CMapName:UniKS-UTF16-V
Registry:Adobe
Ordering:Korea1
UseCMap:UniKS-UTF16-H
OutlineFileName:C:\Program Files\Adobe\Adobe InDesign 2024\Resources\cooltype\typesupport\CMaps\UniKS-UTF16-V
FileLength:3030
FileModTime:1711159343
%EndFont

%BeginFont
Handler:DirectoryHandler
FontType:CMap
CMapName:UniKS-UTF32-H
Registry:Adobe
Ordering:Korea1
OutlineFileName:C:\Program Files\Adobe\Adobe InDesign 2024\Resources\cooltype\typesupport\CMaps\UniKS-UTF32-H
FileLength:165010
FileModTime:1711159343
%EndFont

%BeginFont
Handler:DirectoryHandler
FontType:CMap
CMapName:UniKS-UTF32-V
Registry:Adobe
Ordering:Korea1
UseCMap:UniKS-UTF32-H
OutlineFileName:C:\Program Files\Adobe\Adobe InDesign 2024\Resources\cooltype\typesupport\CMaps\UniKS-UTF32-V
FileLength:3130
FileModTime:1711159343
%EndFont

%BeginFont
Handler:DirectoryHandler
FontType:CMap
CMapName:UniKS-UTF8-H
Registry:Adobe
Ordering:Korea1
OutlineFileName:C:\Program Files\Adobe\Adobe InDesign 2024\Resources\cooltype\typesupport\CMaps\UniKS-UTF8-H
FileLength:145845
FileModTime:1711159343
%EndFont

%BeginFont
Handler:DirectoryHandler
FontType:CMap
CMapName:UniKS-UTF8-V
Registry:Adobe
Ordering:Korea1
UseCMap:UniKS-UTF8-H
OutlineFileName:C:\Program Files\Adobe\Adobe InDesign 2024\Resources\cooltype\typesupport\CMaps\UniKS-UTF8-V
FileLength:3076
FileModTime:1711159343
%EndFont

%BeginFont
Handler:DirectoryHandler
FontType:CMap
CMapName:V
Registry:Adobe
Ordering:Japan1
UseCMap:H
OutlineFileName:C:\Program Files\Adobe\Adobe InDesign 2024\Resources\cooltype\typesupport\CMaps\V
FileLength:3199
FileModTime:1711159343
%EndFont

%BeginFont
Handler:DirectoryHandler
FontType:CMap
CMapName:WP-Symbol
Registry:Adobe
Ordering:Japan1
OutlineFileName:C:\Program Files\Adobe\Adobe InDesign 2024\Resources\cooltype\typesupport\CMaps\WP-Symbol
FileLength:3093
FileModTime:1711159343
%EndFont

