%!Adobe-FontList 1.24
%Locale:0x409

%BeginFont
Handler:DirectoryHandler
FontType:Type1
FontName:AcuminVariableConcept
FamilyName:Acumin Variable Concept
StyleName:Default
FullName:Acumin Variable Concept Default
MenuName:Acumin Variable Concept
FamilyPrefix:AcuminConcept
StyleBits:0
WritingScript:Roman
OutlineFileName:C:\Program Files\Adobe\Adobe InDesign 2025\Resources\Required\Fonts\AcuminVariableConcept.otf
DataFormat:sfntData
UsesStandardEncoding:yes
isCFF:yes
hasSVG:no
hasCOLR:no
VariableFontType:CFF2VariableFont
FileLength:1029036
FileModTime:1740943844
WeightClass:275
WidthClass:5
AngleClass:0
NameArray:0,Win,1,Acumin Variable Concept
%EndFont

%BeginFont
Handler:DirectoryHandler
FontType:Type1
FontName:AdobeArabic-Bold
FamilyName:Adobe Arabic
StyleName:Bold
FullName:Adobe Arabic Bold
MenuName:Adobe Arabic
StyleBits:2
FamilyNameNative:Adobe Arabic
StyleNameNative:Bold
FullNameNative:Adobe Arabic Bold
WritingScript:Arabic
OutlineFileName:C:\Program Files\Adobe\Adobe InDesign 2025\Resources\Required\Fonts\AdobeArabic-Bold.otf
DataFormat:sfntData
UsesStandardEncoding:yes
isCFF:yes
hasSVG:no
hasCOLR:no
VariableFontType:NonVariableFont
FileLength:307228
FileModTime:1740943844
WeightClass:700
WidthClass:5
AngleClass:0
NameArray:0,Mac,4,Adobe Arabic Bold
NameArray:0,Win,1,Adobe Arabic
%EndFont

%BeginFont
Handler:DirectoryHandler
FontType:Type1
FontName:AdobeArabic-BoldItalic
FamilyName:Adobe Arabic
StyleName:Bold Italic
FullName:Adobe Arabic Bold Italic
MenuName:Adobe Arabic
StyleBits:3
FamilyNameNative:Adobe Arabic
StyleNameNative:Bold Italic
FullNameNative:Adobe Arabic Bold Italic
WritingScript:Arabic
OutlineFileName:C:\Program Files\Adobe\Adobe InDesign 2025\Resources\Required\Fonts\AdobeArabic-BoldItalic.otf
DataFormat:sfntData
UsesStandardEncoding:yes
isCFF:yes
hasSVG:no
hasCOLR:no
VariableFontType:NonVariableFont
FileLength:329784
FileModTime:1740943844
WeightClass:700
WidthClass:5
AngleClass:1
NameArray:0,Mac,4,Adobe Arabic Bold Italic
NameArray:0,Win,1,Adobe Arabic
%EndFont

%BeginFont
Handler:DirectoryHandler
FontType:Type1
FontName:AdobeArabic-Italic
FamilyName:Adobe Arabic
StyleName:Italic
FullName:Adobe Arabic Italic
MenuName:Adobe Arabic
StyleBits:1
FamilyNameNative:Adobe Arabic
StyleNameNative:Italic
FullNameNative:Adobe Arabic Italic
WritingScript:Arabic
OutlineFileName:C:\Program Files\Adobe\Adobe InDesign 2025\Resources\Required\Fonts\AdobeArabic-Italic.otf
DataFormat:sfntData
UsesStandardEncoding:yes
isCFF:yes
hasSVG:no
hasCOLR:no
VariableFontType:NonVariableFont
FileLength:339276
FileModTime:1740943844
WeightClass:400
WidthClass:5
AngleClass:1
NameArray:0,Mac,4,Adobe Arabic Italic
NameArray:0,Win,1,Adobe Arabic
%EndFont

%BeginFont
Handler:DirectoryHandler
FontType:Type1
FontName:AdobeArabic-Regular
FamilyName:Adobe Arabic
StyleName:Regular
FullName:Adobe Arabic Regular
MenuName:Adobe Arabic
StyleBits:0
FamilyNameNative:Adobe Arabic
StyleNameNative:Regular
FullNameNative:Adobe Arabic Regular
WritingScript:Arabic
OutlineFileName:C:\Program Files\Adobe\Adobe InDesign 2025\Resources\Required\Fonts\AdobeArabic-Regular.otf
DataFormat:sfntData
UsesStandardEncoding:yes
isCFF:yes
hasSVG:no
hasCOLR:no
VariableFontType:NonVariableFont
FileLength:299680
FileModTime:1740943844
WeightClass:400
WidthClass:5
AngleClass:0
NameArray:0,Mac,18,Adobe Arabic
NameArray:0,Mac,4,Adobe Arabic Regular
NameArray:0,Win,1,Adobe Arabic
%EndFont

%BeginFont
Handler:DirectoryHandler
FontType:Type1
FontName:AdobeDevanagari-Regular
FamilyName:Adobe Devanagari
StyleName:Regular
FullName:Adobe Devanagari
MenuName:Adobe Devanagari
StyleBits:0
WritingScript:Devanagari
OutlineFileName:C:\Program Files\Adobe\Adobe InDesign 2025\Resources\Required\Fonts\AdobeDevanagari-Regular.otf
DataFormat:sfntData
UsesStandardEncoding:yes
isCFF:yes
hasSVG:no
hasCOLR:no
VariableFontType:NonVariableFont
FileLength:338928
FileModTime:1740943844
WeightClass:400
WidthClass:5
AngleClass:0
DesignSize:110
NameArray:0,Mac,4,Adobe Devanagari
NameArray:0,Win,1,Adobe Devanagari
%EndFont

%BeginFont
Handler:DirectoryHandler
FontType:Type1
FontName:AdobeHebrew-Bold
FamilyName:Adobe Hebrew
StyleName:Bold
FullName:Adobe Hebrew Bold
MenuName:Adobe Hebrew
StyleBits:2
FamilyNameNative:Adobe Hebrew
StyleNameNative:Bold
FullNameNative:Adobe Hebrew Bold
WritingScript:Hebrew
OutlineFileName:C:\Program Files\Adobe\Adobe InDesign 2025\Resources\Required\Fonts\AdobeHebrew-Bold.otf
DataFormat:sfntData
UsesStandardEncoding:yes
isCFF:yes
hasSVG:no
hasCOLR:no
VariableFontType:NonVariableFont
FileLength:71748
FileModTime:1740943844
WeightClass:600
WidthClass:5
AngleClass:0
NameArray:0,Mac,4,Adobe Hebrew Bold
NameArray:0,Win,1,Adobe Hebrew
%EndFont

%BeginFont
Handler:DirectoryHandler
FontType:Type1
FontName:AdobeHebrew-BoldItalic
FamilyName:Adobe Hebrew
StyleName:Bold Italic
FullName:Adobe Hebrew Bold Italic
MenuName:Adobe Hebrew
StyleBits:3
FamilyNameNative:Adobe Hebrew
StyleNameNative:Bold Italic
FullNameNative:Adobe Hebrew Bold Italic
WritingScript:Hebrew
OutlineFileName:C:\Program Files\Adobe\Adobe InDesign 2025\Resources\Required\Fonts\AdobeHebrew-BoldItalic.otf
DataFormat:sfntData
UsesStandardEncoding:yes
isCFF:yes
hasSVG:no
hasCOLR:no
VariableFontType:NonVariableFont
FileLength:74936
FileModTime:1740943844
WeightClass:600
WidthClass:5
AngleClass:1
NameArray:0,Mac,4,Adobe Hebrew Bold Italic
NameArray:0,Win,1,Adobe Hebrew
%EndFont

%BeginFont
Handler:DirectoryHandler
FontType:Type1
FontName:AdobeHebrew-Italic
FamilyName:Adobe Hebrew
StyleName:Italic
FullName:Adobe Hebrew Italic
MenuName:Adobe Hebrew
StyleBits:1
FamilyNameNative:Adobe Hebrew
StyleNameNative:Italic
FullNameNative:Adobe Hebrew Italic
WritingScript:Hebrew
OutlineFileName:C:\Program Files\Adobe\Adobe InDesign 2025\Resources\Required\Fonts\AdobeHebrew-Italic.otf
DataFormat:sfntData
UsesStandardEncoding:yes
isCFF:yes
hasSVG:no
hasCOLR:no
VariableFontType:NonVariableFont
FileLength:74852
FileModTime:1740943844
WeightClass:400
WidthClass:5
AngleClass:1
NameArray:0,Mac,4,Adobe Hebrew Italic
NameArray:0,Win,1,Adobe Hebrew
%EndFont

%BeginFont
Handler:DirectoryHandler
FontType:Type1
FontName:AdobeHebrew-Regular
FamilyName:Adobe Hebrew
StyleName:Regular
FullName:Adobe Hebrew Regular
MenuName:Adobe Hebrew
StyleBits:0
FamilyNameNative:Adobe Hebrew
StyleNameNative:Regular
FullNameNative:Adobe Hebrew Regular
WritingScript:Hebrew
OutlineFileName:C:\Program Files\Adobe\Adobe InDesign 2025\Resources\Required\Fonts\AdobeHebrew-Regular.otf
DataFormat:sfntData
UsesStandardEncoding:yes
isCFF:yes
hasSVG:no
hasCOLR:no
VariableFontType:NonVariableFont
FileLength:73124
FileModTime:1740943844
WeightClass:400
WidthClass:5
AngleClass:0
NameArray:0,Mac,18,Adobe Hebrew
NameArray:0,Mac,4,Adobe Hebrew Regular
NameArray:0,Win,1,Adobe Hebrew
%EndFont

%BeginFont
Handler:DirectoryHandler
FontType:Type1
FontName:AdobeInvisible2-Regular
FamilyName:Adobe Invisible 2
StyleName:Regular
FullName:Adobe Invisible 2
MenuName:Adobe Invisible 2
StyleBits:0
WritingScript:Roman
OutlineFileName:C:\Program Files\Adobe\Adobe InDesign 2025\Resources\Required\Fonts\AdobeInvisible2-Regular.otf
DataFormat:sfntData
UsesStandardEncoding:yes
isCFF:yes
hasSVG:no
hasCOLR:no
VariableFontType:NonVariableFont
FileLength:3472
FileModTime:1740943844
WeightClass:400
WidthClass:5
AngleClass:0
NameArray:0,Mac,4,Adobe Invisible 2
NameArray:0,Win,1,Adobe Invisible 2
%EndFont

%BeginFont
Handler:DirectoryHandler
FontType:CID
FontName:AdobeMingStd-Light
FamilyName:Adobe Ming Std
StyleName:L
FullName:Adobe Ming Std L
MenuName:Adobe Ming Std L
StyleBits:0
FamilyNameNative:Adobe 明體 Std
StyleNameNative:L
FullNameNative:Adobe 明體 Std L
WritingScript:TraditionalChinese
OutlineFileName:C:\Program Files\Adobe\Adobe InDesign 2025\Resources\Required\Fonts\AdobeMingStd-Light.otf
DataFormat:sfntData
isCFF:yes
hasSVG:no
hasCOLR:no
VariableFontType:NonVariableFont
FileLength:10174084
FileModTime:1740943845
WeightClass:300
WidthClass:5
AngleClass:0
NameArray:0,Mac,4,Adobe Ming Std L
NameArray:2,Mac,4,Adobe 明體 Std L
NameArray:2,Win,1,Adobe 明體 Std L
NameArray:2,Win,16,Adobe 明體 Std
NameArray:0,Win,1,Adobe Ming Std L
NameArray:0,Win,16,Adobe Ming Std
NameArray:2,Win,1,Adobe 明體 Std L
NameArray:2,Win,16,Adobe 明體 Std
%EndFont

%BeginFont
Handler:DirectoryHandler
FontType:CID
FontName:AdobeMyungjoStd-Medium
FamilyName:Adobe Myungjo Std
StyleName:M
FullName:Adobe Myungjo Std M
MenuName:Adobe Myungjo Std M
StyleBits:0
FamilyNameNative:Adobe 명조 Std
StyleNameNative:M
FullNameNative:Adobe 명조 Std M
WritingScript:Korean
OutlineFileName:C:\Program Files\Adobe\Adobe InDesign 2025\Resources\Required\Fonts\AdobeMyungjoStd-Medium.otf
DataFormat:sfntData
isCFF:yes
hasSVG:no
hasCOLR:no
VariableFontType:NonVariableFont
FileLength:4103504
FileModTime:1740943845
WeightClass:500
WidthClass:5
AngleClass:0
NameArray:0,Mac,4,Adobe Myungjo Std M
NameArray:3,Mac,4,Adobe 명조 Std M
NameArray:0,Win,1,Adobe Myungjo Std M
NameArray:0,Win,16,Adobe Myungjo Std
NameArray:3,Win,1,Adobe 명조 Std M
NameArray:3,Win,16,Adobe 명조 Std
%EndFont

%BeginFont
Handler:DirectoryHandler
FontType:CID
FontName:AdobeSongStd-Light
FamilyName:Adobe Song Std
StyleName:L
FullName:Adobe Song Std L
MenuName:Adobe Song Std L
StyleBits:0
FamilyNameNative:Adobe 宋体 Std
StyleNameNative:L
FullNameNative:Adobe 宋体 Std L
WritingScript:SimplifiedChinese
OutlineFileName:C:\Program Files\Adobe\Adobe InDesign 2025\Resources\Required\Fonts\AdobeSongStd-Light.otf
DataFormat:sfntData
isCFF:yes
hasSVG:no
hasCOLR:no
VariableFontType:NonVariableFont
FileLength:15589544
FileModTime:1740943846
WeightClass:300
WidthClass:5
AngleClass:0
NameArray:0,Mac,4,Adobe Song Std L
NameArray:25,Mac,4,Adobe 宋体 Std L
NameArray:0,Win,1,Adobe Song Std L
NameArray:0,Win,16,Adobe Song Std
NameArray:25,Win,1,Adobe 宋体 Std L
NameArray:25,Win,16,Adobe 宋体 Std
%EndFont

%BeginFont
Handler:DirectoryHandler
FontType:Type1
FontName:EmojiOneColor
FamilyName:EmojiOne
StyleName:Color
FullName:EmojiOne
MenuName:EmojiOne
StyleBits:0
WritingScript:Emoji
OutlineFileName:C:\Program Files\Adobe\Adobe InDesign 2025\Resources\Required\Fonts\EmojiOneColor.otf
DataFormat:sfntData
UsesStandardEncoding:yes
isCFF:yes
hasSVG:yes
hasCOLR:no
VariableFontType:NonVariableFont
FileLength:4232712
FileModTime:1740943847
WeightClass:400
WidthClass:5
AngleClass:0
NameArray:0,Mac,4,EmojiOne
NameArray:0,Win,1,EmojiOne
%EndFont

%BeginFont
Handler:DirectoryHandler
FontType:Type1
FontName:KentenGeneric
FamilyName:Kenten
StyleName:Generic
FullName:Kenten Generic
MenuName:Kenten Generic
StyleBits:0
WritingScript:Roman
OutlineFileName:C:\Program Files\Adobe\Adobe InDesign 2025\Resources\Required\Fonts\KentenGeneric.otf
DataFormat:sfntData
UsesStandardEncoding:yes
isCFF:yes
hasSVG:no
hasCOLR:no
VariableFontType:NonVariableFont
FileLength:8080
FileModTime:1740943847
WeightClass:400
WidthClass:5
AngleClass:0
NameArray:0,Mac,4,Kenten Generic
NameArray:0,Win,1,Kenten Generic
NameArray:0,Win,16,Kenten
%EndFont

%BeginFont
Handler:DirectoryHandler
FontType:CID
FontName:KozGoPr6N-Bold
FamilyName:Kozuka Gothic Pr6N
StyleName:B
FullName:KozGoPr6N-Bold
MenuName:Kozuka Gothic Pr6N B
StyleBits:0
FamilyNameNative:小塚ゴシック Pr6N
StyleNameNative:B
FullNameNative:小塚ゴシック Pr6N B
WritingScript:Japanese
OutlineFileName:C:\Program Files\Adobe\Adobe InDesign 2025\Resources\Required\Fonts\KozGoPr6N-Bold.otf
DataFormat:sfntData
isCFF:yes
hasSVG:no
hasCOLR:no
VariableFontType:NonVariableFont
FileLength:5805236
FileModTime:1740943848
WeightClass:700
WidthClass:5
AngleClass:0
NameArray:1,Mac,4,小塚ゴシック Pr6N B
NameArray:0,Win,1,Kozuka Gothic Pr6N B
NameArray:0,Win,16,Kozuka Gothic Pr6N
NameArray:1,Win,1,小塚ゴシック Pr6N B
NameArray:1,Win,16,小塚ゴシック Pr6N
%EndFont

%BeginFont
Handler:DirectoryHandler
FontType:CID
FontName:KozGoPr6N-Regular
FamilyName:Kozuka Gothic Pr6N
StyleName:R
FullName:KozGoPr6N-Regular
MenuName:Kozuka Gothic Pr6N R
StyleBits:0
FamilyNameNative:小塚ゴシック Pr6N
StyleNameNative:R
FullNameNative:小塚ゴシック Pr6N R
WritingScript:Japanese
OutlineFileName:C:\Program Files\Adobe\Adobe InDesign 2025\Resources\Required\Fonts\KozGoPr6N-Regular.otf
DataFormat:sfntData
isCFF:yes
hasSVG:no
hasCOLR:no
VariableFontType:NonVariableFont
FileLength:5590632
FileModTime:1740943848
WeightClass:400
WidthClass:5
AngleClass:0
NameArray:1,Mac,4,小塚ゴシック Pr6N R
NameArray:0,Win,1,Kozuka Gothic Pr6N R
NameArray:0,Win,16,Kozuka Gothic Pr6N
NameArray:1,Win,1,小塚ゴシック Pr6N R
NameArray:1,Win,16,小塚ゴシック Pr6N
%EndFont

%BeginFont
Handler:DirectoryHandler
FontType:CID
FontName:KozMinPr6N-Regular
FamilyName:Kozuka Mincho Pr6N
StyleName:R
FullName:KozMinPr6N-Regular
MenuName:Kozuka Mincho Pr6N R
StyleBits:0
FamilyNameNative:小塚明朝 Pr6N
StyleNameNative:R
FullNameNative:小塚明朝 Pr6N R
WritingScript:Japanese
OutlineFileName:C:\Program Files\Adobe\Adobe InDesign 2025\Resources\Required\Fonts\KozMinPr6N-Regular.otf
DataFormat:sfntData
isCFF:yes
hasSVG:no
hasCOLR:no
VariableFontType:NonVariableFont
FileLength:6657356
FileModTime:1740943849
WeightClass:400
WidthClass:5
AngleClass:0
NameArray:1,Mac,4,小塚明朝 Pr6N R
NameArray:0,Win,1,Kozuka Mincho Pr6N R
NameArray:0,Win,16,Kozuka Mincho Pr6N
NameArray:1,Win,1,小塚明朝 Pr6N R
NameArray:1,Win,16,小塚明朝 Pr6N
%EndFont

%BeginFont
Handler:DirectoryHandler
FontType:Type1
FontName:LetterGothicStd-Bold
FamilyName:Letter Gothic Std
StyleName:Bold
FullName:Letter Gothic Std Bold
MenuName:Letter Gothic Std
StyleBits:2
WritingScript:Roman
OutlineFileName:C:\Program Files\Adobe\Adobe InDesign 2025\Resources\Required\Fonts\LetterGothicStd-Bold.otf
DataFormat:sfntData
UsesStandardEncoding:yes
isCFF:yes
hasSVG:no
hasCOLR:no
VariableFontType:NonVariableFont
FileLength:34276
FileModTime:1740943849
WeightClass:700
WidthClass:5
AngleClass:0
DesignSize:120
NameArray:0,Mac,4,Letter Gothic Std Bold
NameArray:0,Win,1,Letter Gothic Std
%EndFont

%BeginFont
Handler:DirectoryHandler
FontType:Type1
FontName:LetterGothicStd-BoldSlanted
FamilyName:Letter Gothic Std
StyleName:Bold Slanted
FullName:Letter Gothic Std Bold Slanted
MenuName:Letter Gothic Std
StyleBits:3
WritingScript:Roman
OutlineFileName:C:\Program Files\Adobe\Adobe InDesign 2025\Resources\Required\Fonts\LetterGothicStd-BoldSlanted.otf
DataFormat:sfntData
UsesStandardEncoding:yes
isCFF:yes
hasSVG:no
hasCOLR:no
VariableFontType:NonVariableFont
FileLength:35936
FileModTime:1740943849
WeightClass:700
WidthClass:5
AngleClass:1
DesignSize:120
NameArray:0,Mac,4,Letter Gothic Std Bold Slanted
NameArray:0,Win,1,Letter Gothic Std
%EndFont

%BeginFont
Handler:DirectoryHandler
FontType:Type1
FontName:LetterGothicStd-Slanted
FamilyName:Letter Gothic Std
StyleName:Slanted
FullName:Letter Gothic Std Slanted
MenuName:Letter Gothic Std
StyleBits:1
WritingScript:Roman
OutlineFileName:C:\Program Files\Adobe\Adobe InDesign 2025\Resources\Required\Fonts\LetterGothicStd-Slanted.otf
DataFormat:sfntData
UsesStandardEncoding:yes
isCFF:yes
hasSVG:no
hasCOLR:no
VariableFontType:NonVariableFont
FileLength:36112
FileModTime:1740943849
WeightClass:400
WidthClass:5
AngleClass:1
DesignSize:120
NameArray:0,Mac,4,Letter Gothic Std Slanted
NameArray:0,Win,1,Letter Gothic Std
%EndFont

%BeginFont
Handler:DirectoryHandler
FontType:Type1
FontName:LetterGothicStd
FamilyName:Letter Gothic Std
StyleName:Medium
FullName:Letter Gothic Std Medium
MenuName:Letter Gothic Std
StyleBits:0
WritingScript:Roman
OutlineFileName:C:\Program Files\Adobe\Adobe InDesign 2025\Resources\Required\Fonts\LetterGothicStd.otf
DataFormat:sfntData
UsesStandardEncoding:yes
isCFF:yes
hasSVG:no
hasCOLR:no
VariableFontType:NonVariableFont
FileLength:34480
FileModTime:1740943849
WeightClass:400
WidthClass:5
AngleClass:0
DesignSize:120
NameArray:0,Mac,18,Letter Gothic Std
NameArray:0,Mac,4,Letter Gothic Std Medium
NameArray:0,Win,1,Letter Gothic Std
%EndFont

%BeginFont
Handler:DirectoryHandler
FontType:Type1
FontName:MinionPro-Regular
FamilyName:Minion Pro
StyleName:Regular
FullName:Minion Pro
MenuName:Minion Pro
StyleBits:0
WritingScript:Roman
OutlineFileName:C:\Program Files\Adobe\Adobe InDesign 2025\Resources\Required\Fonts\MinionPro-Regular.otf
DataFormat:sfntData
UsesStandardEncoding:yes
isCFF:yes
hasSVG:no
hasCOLR:no
VariableFontType:NonVariableFont
FileLength:218640
FileModTime:1740943849
WeightClass:400
WidthClass:5
AngleClass:0
DesignSize:110
NameArray:0,Mac,4,Minion Pro
NameArray:0,Win,1,Minion Pro
%EndFont

%BeginFont
Handler:DirectoryHandler
FontType:Type1
FontName:MinionVariableConcept-Italic
FamilyName:Minion Variable Concept
StyleName:Italic
FullName:Minion Variable Concept Italic
MenuName:Minion Variable Concept
FamilyPrefix:MinionConceptItalic
StyleBits:1
WritingScript:Roman
OutlineFileName:C:\Program Files\Adobe\Adobe InDesign 2025\Resources\Required\Fonts\MinionVariableConcept-Italic.otf
DataFormat:sfntData
UsesStandardEncoding:yes
isCFF:yes
hasSVG:no
hasCOLR:no
VariableFontType:CFF2VariableFont
FileLength:209728
FileModTime:1740943849
WeightClass:400
WidthClass:5
AngleClass:1
NameArray:0,Win,1,Minion Variable Concept
%EndFont

%BeginFont
Handler:DirectoryHandler
FontType:Type1
FontName:MinionVariableConcept-Roman
FamilyName:Minion Variable Concept
StyleName:Roman
FullName:Minion Variable Concept Roman
MenuName:Minion Variable Concept
FamilyPrefix:MinionConceptRoman
StyleBits:0
WritingScript:Roman
OutlineFileName:C:\Program Files\Adobe\Adobe InDesign 2025\Resources\Required\Fonts\MinionVariableConcept-Roman.otf
DataFormat:sfntData
UsesStandardEncoding:yes
isCFF:yes
hasSVG:no
hasCOLR:no
VariableFontType:CFF2VariableFont
FileLength:298864
FileModTime:1740943849
WeightClass:400
WidthClass:5
AngleClass:0
NameArray:0,Win,1,Minion Variable Concept
%EndFont

%BeginFont
Handler:DirectoryHandler
FontType:Type1
FontName:MyriadPro-Bold
FamilyName:Myriad Pro
StyleName:Bold
FullName:Myriad Pro Bold
MenuName:Myriad Pro
StyleBits:2
WritingScript:Roman
OutlineFileName:C:\Program Files\Adobe\Adobe InDesign 2025\Resources\Required\Fonts\MyriadPro-Bold.otf
DataFormat:sfntData
UsesStandardEncoding:yes
isCFF:yes
hasSVG:no
hasCOLR:no
VariableFontType:NonVariableFont
FileLength:97124
FileModTime:1740943849
WeightClass:700
WidthClass:5
AngleClass:0
DesignSize:110
NameArray:0,Mac,4,Myriad Pro Bold
NameArray:0,Win,1,Myriad Pro
%EndFont

%BeginFont
Handler:DirectoryHandler
FontType:Type1
FontName:MyriadPro-BoldIt
FamilyName:Myriad Pro
StyleName:Bold Italic
FullName:Myriad Pro Bold Italic
MenuName:Myriad Pro
StyleBits:3
WritingScript:Roman
OutlineFileName:C:\Program Files\Adobe\Adobe InDesign 2025\Resources\Required\Fonts\MyriadPro-BoldIt.otf
DataFormat:sfntData
UsesStandardEncoding:yes
isCFF:yes
hasSVG:no
hasCOLR:no
VariableFontType:NonVariableFont
FileLength:99304
FileModTime:1740943849
WeightClass:700
WidthClass:5
AngleClass:1
DesignSize:110
NameArray:0,Mac,18,Myriad Pro Bold It
NameArray:0,Mac,4,Myriad Pro Bold Italic
NameArray:0,Win,1,Myriad Pro
%EndFont

%BeginFont
Handler:DirectoryHandler
FontType:Type1
FontName:MyriadPro-It
FamilyName:Myriad Pro
StyleName:Italic
FullName:Myriad Pro Italic
MenuName:Myriad Pro
StyleBits:1
WritingScript:Roman
OutlineFileName:C:\Program Files\Adobe\Adobe InDesign 2025\Resources\Required\Fonts\MyriadPro-It.otf
DataFormat:sfntData
UsesStandardEncoding:yes
isCFF:yes
hasSVG:no
hasCOLR:no
VariableFontType:NonVariableFont
FileLength:97800
FileModTime:1740943849
WeightClass:400
WidthClass:5
AngleClass:1
DesignSize:110
NameArray:0,Mac,18,Myriad Pro It
NameArray:0,Mac,4,Myriad Pro Italic
NameArray:0,Win,1,Myriad Pro
%EndFont

%BeginFont
Handler:DirectoryHandler
FontType:Type1
FontName:MyriadPro-Regular
FamilyName:Myriad Pro
StyleName:Regular
FullName:Myriad Pro
MenuName:Myriad Pro
StyleBits:0
WritingScript:Roman
OutlineFileName:C:\Program Files\Adobe\Adobe InDesign 2025\Resources\Required\Fonts\MyriadPro-Regular.otf
DataFormat:sfntData
UsesStandardEncoding:yes
isCFF:yes
hasSVG:no
hasCOLR:no
VariableFontType:NonVariableFont
FileLength:97072
FileModTime:1740943849
WeightClass:400
WidthClass:5
AngleClass:0
DesignSize:110
NameArray:0,Mac,4,Myriad Pro
NameArray:0,Win,1,Myriad Pro
%EndFont

%BeginFont
Handler:DirectoryHandler
FontType:Type1
FontName:MyriadVariableConcept-Italic
FamilyName:Myriad Variable Concept
StyleName:Italic
FullName:Myriad Variable Concept Italic
MenuName:Myriad Variable Concept
FamilyPrefix:MyriadConceptItalic
StyleBits:1
WritingScript:Roman
OutlineFileName:C:\Program Files\Adobe\Adobe InDesign 2025\Resources\Required\Fonts\MyriadVariableConcept-Italic.otf
DataFormat:sfntData
UsesStandardEncoding:yes
isCFF:yes
hasSVG:no
hasCOLR:no
VariableFontType:CFF2VariableFont
FileLength:70796
FileModTime:1740943849
WeightClass:300
WidthClass:3
AngleClass:1
NameArray:0,Win,1,Myriad Variable Concept
%EndFont

%BeginFont
Handler:DirectoryHandler
FontType:Type1
FontName:MyriadVariableConcept-Roman
FamilyName:Myriad Variable Concept
StyleName:Roman
FullName:Myriad Variable Concept Roman
MenuName:Myriad Variable Concept
FamilyPrefix:MyriadConceptRoman
StyleBits:0
WritingScript:Roman
OutlineFileName:C:\Program Files\Adobe\Adobe InDesign 2025\Resources\Required\Fonts\MyriadVariableConcept-Roman.otf
DataFormat:sfntData
UsesStandardEncoding:yes
isCFF:yes
hasSVG:no
hasCOLR:no
VariableFontType:CFF2VariableFont
FileLength:68856
FileModTime:1740943849
WeightClass:300
WidthClass:3
AngleClass:0
NameArray:0,Win,1,Myriad Variable Concept
%EndFont

%BeginFont
Handler:DirectoryHandler
FontType:Type1
FontName:NotoColorEmoji-SVG
FamilyName:Noto Color Emoji SVG
StyleName:Regular
FullName:Noto Color Emoji SVG
MenuName:Noto Color Emoji SVG
StyleBits:0
WritingScript:Emoji
OutlineFileName:C:\Program Files\Adobe\Adobe InDesign 2025\Resources\Required\Fonts\NotoColorEmoji-SVG.otf
DataFormat:sfntData
UsesStandardEncoding:yes
isCFF:yes
hasSVG:yes
hasCOLR:no
VariableFontType:NonVariableFont
FileLength:19070820
FileModTime:1740943851
WeightClass:400
WidthClass:5
AngleClass:0
NameArray:0,Win,1,Noto Color Emoji SVG
%EndFont

%BeginFont
Handler:DirectoryHandler
FontType:Type1
FontName:SourceCodeVariable-Italic
FamilyName:Source Code Variable
StyleName:Italic
FullName:Source Code Variable Italic
MenuName:Source Code Variable
FamilyPrefix:SourceCodeItalic
StyleBits:1
WritingScript:Roman
OutlineFileName:C:\Program Files\Adobe\Adobe InDesign 2025\Resources\Required\Fonts\SourceCodeVariable-Italic.otf
DataFormat:sfntData
UsesStandardEncoding:yes
isCFF:yes
hasSVG:yes
hasCOLR:no
VariableFontType:CFF2VariableFont
FileLength:167740
FileModTime:1740943851
WeightClass:400
WidthClass:5
AngleClass:1
DesignSize:100
NameArray:0,Mac,4,Source Code Variable Italic
NameArray:0,Win,1,Source Code Variable
%EndFont

%BeginFont
Handler:DirectoryHandler
FontType:Type1
FontName:SourceCodeVariable-Roman
FamilyName:Source Code Variable
StyleName:Roman
FullName:Source Code Variable
MenuName:Source Code Variable
FamilyPrefix:SourceCodeRoman
StyleBits:0
WritingScript:Roman
OutlineFileName:C:\Program Files\Adobe\Adobe InDesign 2025\Resources\Required\Fonts\SourceCodeVariable-Roman.otf
DataFormat:sfntData
UsesStandardEncoding:yes
isCFF:yes
hasSVG:yes
hasCOLR:no
VariableFontType:CFF2VariableFont
FileLength:198600
FileModTime:1740943851
WeightClass:400
WidthClass:5
AngleClass:0
DesignSize:100
NameArray:0,Mac,4,Source Code Variable
NameArray:0,Win,1,Source Code Variable
%EndFont

%BeginFont
Handler:DirectoryHandler
FontType:Type1
FontName:SourceSansVariable-Italic
FamilyName:Source Sans Variable
StyleName:Italic
FullName:Source Sans Variable Italic
MenuName:Source Sans Variable
FamilyPrefix:SourceSansItalic
StyleBits:1
WritingScript:Roman
OutlineFileName:C:\Program Files\Adobe\Adobe InDesign 2025\Resources\Required\Fonts\SourceSansVariable-Italic.otf
DataFormat:sfntData
UsesStandardEncoding:yes
isCFF:yes
hasSVG:no
hasCOLR:no
VariableFontType:CFF2VariableFont
FileLength:114488
FileModTime:1740943851
WeightClass:200
WidthClass:5
AngleClass:1
DesignSize:100
NameArray:0,Mac,4,Source Sans Variable Italic
NameArray:0,Win,1,Source Sans Variable
%EndFont

%BeginFont
Handler:DirectoryHandler
FontType:Type1
FontName:SourceSansVariable-Roman
FamilyName:Source Sans Variable
StyleName:Roman
FullName:Source Sans Variable
MenuName:Source Sans Variable
FamilyPrefix:SourceSansRoman
StyleBits:0
WritingScript:Roman
OutlineFileName:C:\Program Files\Adobe\Adobe InDesign 2025\Resources\Required\Fonts\SourceSansVariable-Roman.otf
DataFormat:sfntData
UsesStandardEncoding:yes
isCFF:yes
hasSVG:no
hasCOLR:no
VariableFontType:CFF2VariableFont
FileLength:414588
FileModTime:1740943851
WeightClass:200
WidthClass:5
AngleClass:0
DesignSize:100
NameArray:0,Mac,4,Source Sans Variable
NameArray:0,Win,1,Source Sans Variable
%EndFont

%BeginFont
Handler:DirectoryHandler
FontType:Type1
FontName:SourceSerifVariable-Italic
FamilyName:Source Serif Variable
StyleName:Italic
FullName:Source Serif Variable Italic
MenuName:Source Serif Variable
FamilyPrefix:SourceSerifItalic
StyleBits:1
WritingScript:Roman
OutlineFileName:C:\Program Files\Adobe\Adobe InDesign 2025\Resources\Required\Fonts\SourceSerifVariable-Italic.otf
DataFormat:sfntData
UsesStandardEncoding:yes
isCFF:yes
hasSVG:no
hasCOLR:no
VariableFontType:CFF2VariableFont
FileLength:296396
FileModTime:1740943851
WeightClass:389
WidthClass:5
AngleClass:1
DesignSize:100
NameArray:0,Win,1,Source Serif Variable
%EndFont

%BeginFont
Handler:DirectoryHandler
FontType:Type1
FontName:SourceSerifVariable-Roman
FamilyName:Source Serif Variable
StyleName:Roman
FullName:Source Serif Variable Roman
MenuName:Source Serif Variable
FamilyPrefix:SourceSerifRoman
StyleBits:0
WritingScript:Roman
OutlineFileName:C:\Program Files\Adobe\Adobe InDesign 2025\Resources\Required\Fonts\SourceSerifVariable-Roman.otf
DataFormat:sfntData
UsesStandardEncoding:yes
isCFF:yes
hasSVG:no
hasCOLR:no
VariableFontType:CFF2VariableFont
FileLength:458404
FileModTime:1740943851
WeightClass:389
WidthClass:5
AngleClass:0
DesignSize:100
NameArray:0,Win,1,Source Serif Variable
%EndFont

%BeginFont
Handler:DirectoryHandler
FontType:Type1
FontName:TrajanColor-Concept
FamilyName:Trajan Color
StyleName:Concept
FullName:Trajan Color
MenuName:Trajan Color
StyleBits:0
WritingScript:Roman
OutlineFileName:C:\Program Files\Adobe\Adobe InDesign 2025\Resources\Required\Fonts\TrajanColor-Concept.otf
DataFormat:sfntData
UsesStandardEncoding:yes
isCFF:yes
hasSVG:yes
hasCOLR:no
VariableFontType:NonVariableFont
FileLength:8909580
FileModTime:1740943851
WeightClass:400
WidthClass:5
AngleClass:0
DesignSize:360
NameArray:0,Mac,4,Trajan Color
NameArray:0,Win,1,Trajan Color
%EndFont

%BeginFont
Handler:DirectoryHandler
FontType:PFM
FontName:AdobeSansMM
NumMMAxes:2
OutlineFileName:C:\Program Files\Adobe\Adobe InDesign 2025\Resources\Required\Fonts\ZX______.MMM
FileLength:7248
FileModTime:1740943851
%EndFont

%BeginFont
Handler:DirectoryHandler
FontType:PFM
FontName:AdobeSansMM
NumMMAxes:0
OutlineFileName:C:\Program Files\Adobe\Adobe InDesign 2025\Resources\Required\Fonts\ZX______.PFM
FileLength:683
FileModTime:1740943851
%EndFont

