%!Adobe-FontList 1.23
%Locale:0x409

%BeginFont
Handler:DirectoryHandler
FontType:CMap
CMapName:83pv-RKSJ-H
Registry:Adobe
Ordering:Japan1
OutlineFileName:C:\Program Files\Adobe\Acrobat DC\Resource\CMap\83pv-RKSJ-H
FileLength:7463
FileModTime:1612234168
%EndFont

%BeginFont
Handler:DirectoryHandler
FontType:CMap
CMapName:90ms-RKSJ-H
Registry:Adobe
Ordering:Japan1
OutlineFileName:C:\Program Files\Adobe\Acrobat DC\Resource\CMap\90ms-RKSJ-H
FileLength:6398
FileModTime:1612234168
%EndFont

%BeginFont
Handler:DirectoryHandler
FontType:CMap
CMapName:90ms-RKSJ-UCS2
Registry:Adobe
Ordering:90ms_RKSJ_UCS2
OutlineFileName:C:\Program Files\Adobe\Acrobat DC\Resource\CMap\90ms-RKSJ-UCS2
FileLength:112126
FileModTime:1612234168
%EndFont

%BeginFont
Handler:DirectoryHandler
FontType:CMap
CMapName:90ms-RKSJ-V
Registry:Adobe
Ordering:Japan1
UseCMap:90ms-RKSJ-H
OutlineFileName:C:\Program Files\Adobe\Acrobat DC\Resource\CMap\90ms-RKSJ-V
FileLength:4454
FileModTime:1612234168
%EndFont

%BeginFont
Handler:DirectoryHandler
FontType:CMap
CMapName:90msp-RKSJ-H
Registry:Adobe
Ordering:Japan1
OutlineFileName:C:\Program Files\Adobe\Acrobat DC\Resource\CMap\90msp-RKSJ-H
FileLength:6327
FileModTime:1612234168
%EndFont

%BeginFont
Handler:DirectoryHandler
FontType:CMap
CMapName:90msp-RKSJ-V
Registry:Adobe
Ordering:Japan1
UseCMap:90msp-RKSJ-H
OutlineFileName:C:\Program Files\Adobe\Acrobat DC\Resource\CMap\90msp-RKSJ-V
FileLength:4436
FileModTime:1612234168
%EndFont

%BeginFont
Handler:DirectoryHandler
FontType:CMap
CMapName:90pv-RKSJ-H
Registry:Adobe
Ordering:Japan1
OutlineFileName:C:\Program Files\Adobe\Acrobat DC\Resource\CMap\90pv-RKSJ-H
FileLength:8239
FileModTime:1612234168
%EndFont

%BeginFont
Handler:DirectoryHandler
FontType:CMap
CMapName:90pv-RKSJ-UCS2
Registry:Adobe
Ordering:90pv_RKSJ_UCS2
UseCMap:90pv-RKSJ-UCS2C
OutlineFileName:C:\Program Files\Adobe\Acrobat DC\Resource\CMap\90pv-RKSJ-UCS2
FileLength:1854
FileModTime:1612234168
%EndFont

%BeginFont
Handler:DirectoryHandler
FontType:CMap
CMapName:90pv-RKSJ-UCS2C
Registry:Adobe
Ordering:90pv_RKSJ_UCS2C
OutlineFileName:C:\Program Files\Adobe\Acrobat DC\Resource\CMap\90pv-RKSJ-UCS2C
FileLength:102591
FileModTime:1612234168
%EndFont

%BeginFont
Handler:DirectoryHandler
FontType:CMap
CMapName:Add-RKSJ-H
Registry:Adobe
Ordering:Japan1
OutlineFileName:C:\Program Files\Adobe\Acrobat DC\Resource\CMap\Add-RKSJ-H
FileLength:15845
FileModTime:1612234168
%EndFont

%BeginFont
Handler:DirectoryHandler
FontType:CMap
CMapName:Add-RKSJ-V
Registry:Adobe
Ordering:Japan1
UseCMap:Add-RKSJ-H
OutlineFileName:C:\Program Files\Adobe\Acrobat DC\Resource\CMap\Add-RKSJ-V
FileLength:4027
FileModTime:1612234168
%EndFont

%BeginFont
Handler:DirectoryHandler
FontType:CMap
CMapName:Adobe-CNS1-0
Registry:Adobe
Ordering:CNS1
OutlineFileName:C:\Program Files\Adobe\Acrobat DC\Resource\CMap\Adobe-CNS1-0
FileLength:4034
FileModTime:1612234168
%EndFont

%BeginFont
Handler:DirectoryHandler
FontType:CMap
CMapName:Adobe-CNS1-1
Registry:Adobe
Ordering:CNS1
OutlineFileName:C:\Program Files\Adobe\Acrobat DC\Resource\CMap\Adobe-CNS1-1
FileLength:4218
FileModTime:1612234168
%EndFont

%BeginFont
Handler:DirectoryHandler
FontType:CMap
CMapName:Adobe-CNS1-2
Registry:Adobe
Ordering:CNS1
OutlineFileName:C:\Program Files\Adobe\Acrobat DC\Resource\CMap\Adobe-CNS1-2
FileLength:4239
FileModTime:1612234168
%EndFont

%BeginFont
Handler:DirectoryHandler
FontType:CMap
CMapName:Adobe-CNS1-3
Registry:Adobe
Ordering:CNS1
OutlineFileName:C:\Program Files\Adobe\Acrobat DC\Resource\CMap\Adobe-CNS1-3
FileLength:4344
FileModTime:1612234168
%EndFont

%BeginFont
Handler:DirectoryHandler
FontType:CMap
CMapName:Adobe-CNS1-4
Registry:Adobe
Ordering:CNS1
OutlineFileName:C:\Program Files\Adobe\Acrobat DC\Resource\CMap\Adobe-CNS1-4
FileLength:4365
FileModTime:1612234168
%EndFont

%BeginFont
Handler:DirectoryHandler
FontType:CMap
CMapName:Adobe-CNS1-5
Registry:Adobe
Ordering:CNS1
OutlineFileName:C:\Program Files\Adobe\Acrobat DC\Resource\CMap\Adobe-CNS1-5
FileLength:4365
FileModTime:1612234168
%EndFont

%BeginFont
Handler:DirectoryHandler
FontType:CMap
CMapName:Adobe-CNS1-6
Registry:Adobe
Ordering:CNS1
OutlineFileName:C:\Program Files\Adobe\Acrobat DC\Resource\CMap\Adobe-CNS1-6
FileLength:4365
FileModTime:1612234168
%EndFont

%BeginFont
Handler:DirectoryHandler
FontType:CMap
CMapName:Adobe-CNS1-B5pc
Registry:Adobe
Ordering:Adobe_CNS1_B5pc
OutlineFileName:C:\Program Files\Adobe\Acrobat DC\Resource\CMap\Adobe-CNS1-B5pc
FileLength:7955
FileModTime:1612234168
%EndFont

%BeginFont
Handler:DirectoryHandler
FontType:CMap
CMapName:Adobe-CNS1-ETenms-B5
Registry:Adobe
Ordering:Adobe_CNS1_ETenms_B5
OutlineFileName:C:\Program Files\Adobe\Acrobat DC\Resource\CMap\Adobe-CNS1-ETen-B5
FileLength:8375
FileModTime:1612234168
%EndFont

%BeginFont
Handler:DirectoryHandler
FontType:CMap
CMapName:Adobe-CNS1-H-CID
Registry:Adobe
Ordering:Adobe_CNS1_H_CID
OutlineFileName:C:\Program Files\Adobe\Acrobat DC\Resource\CMap\Adobe-CNS1-H-CID
FileLength:1973
FileModTime:1612234168
%EndFont

%BeginFont
Handler:DirectoryHandler
FontType:CMap
CMapName:Adobe-CNS1-H-Host
Registry:Adobe
Ordering:Adobe_CNS1_H_Host
OutlineFileName:C:\Program Files\Adobe\Acrobat DC\Resource\CMap\Adobe-CNS1-H-Host
FileLength:8490
FileModTime:1612234168
%EndFont

%BeginFont
Handler:DirectoryHandler
FontType:CMap
CMapName:Adobe-CNS1-H-Mac
Registry:Adobe
Ordering:Adobe_CNS1_H_Mac
OutlineFileName:C:\Program Files\Adobe\Acrobat DC\Resource\CMap\Adobe-CNS1-H-Mac
FileLength:8022
FileModTime:1612234168
%EndFont

%BeginFont
Handler:DirectoryHandler
FontType:CMap
CMapName:Adobe-CNS1-UCS2
Registry:Adobe
Ordering:Adobe_CNS1_UCS2
OutlineFileName:C:\Program Files\Adobe\Acrobat DC\Resource\CMap\Adobe-CNS1-UCS2
FileLength:281794
FileModTime:1612234168
%EndFont

%BeginFont
Handler:DirectoryHandler
FontType:CMap
CMapName:Adobe-GB1-0
Registry:Adobe
Ordering:GB1
OutlineFileName:C:\Program Files\Adobe\Acrobat DC\Resource\CMap\Adobe-GB1-0
FileLength:3472
FileModTime:1612234168
%EndFont

%BeginFont
Handler:DirectoryHandler
FontType:CMap
CMapName:Adobe-GB1-1
Registry:Adobe
Ordering:GB1
OutlineFileName:C:\Program Files\Adobe\Acrobat DC\Resource\CMap\Adobe-GB1-1
FileLength:3634
FileModTime:1612234168
%EndFont

%BeginFont
Handler:DirectoryHandler
FontType:CMap
CMapName:Adobe-GB1-2
Registry:Adobe
Ordering:GB1
OutlineFileName:C:\Program Files\Adobe\Acrobat DC\Resource\CMap\Adobe-GB1-2
FileLength:4636
FileModTime:1612234168
%EndFont

%BeginFont
Handler:DirectoryHandler
FontType:CMap
CMapName:Adobe-GB1-3
Registry:Adobe
Ordering:GB1
OutlineFileName:C:\Program Files\Adobe\Acrobat DC\Resource\CMap\Adobe-GB1-3
FileLength:4635
FileModTime:1612234168
%EndFont

%BeginFont
Handler:DirectoryHandler
FontType:CMap
CMapName:Adobe-GB1-4
Registry:Adobe
Ordering:GB1
OutlineFileName:C:\Program Files\Adobe\Acrobat DC\Resource\CMap\Adobe-GB1-4
FileLength:5217
FileModTime:1612234168
%EndFont

%BeginFont
Handler:DirectoryHandler
FontType:CMap
CMapName:Adobe-GB1-5
Registry:Adobe
Ordering:GB1
OutlineFileName:C:\Program Files\Adobe\Acrobat DC\Resource\CMap\Adobe-GB1-5
FileLength:5322
FileModTime:1612234168
%EndFont

%BeginFont
Handler:DirectoryHandler
FontType:CMap
CMapName:Adobe-GB1-GBK-EUC
Registry:Adobe
Ordering:Adobe_GB1_GBK_EUC
OutlineFileName:C:\Program Files\Adobe\Acrobat DC\Resource\CMap\Adobe-GB1-GBK-EUC
FileLength:93830
FileModTime:1612234168
%EndFont

%BeginFont
Handler:DirectoryHandler
FontType:CMap
CMapName:Adobe-GB1-GBpc-EUC
Registry:Adobe
Ordering:Adobe_GB1_GBpc_EUC
OutlineFileName:C:\Program Files\Adobe\Acrobat DC\Resource\CMap\Adobe-GB1-GBpc-EUC
FileLength:4226
FileModTime:1612234168
%EndFont

%BeginFont
Handler:DirectoryHandler
FontType:CMap
CMapName:Adobe-GB1-H-CID
Registry:Adobe
Ordering:Adobe_GB1_H_CID
OutlineFileName:C:\Program Files\Adobe\Acrobat DC\Resource\CMap\Adobe-GB1-H-CID
FileLength:2092
FileModTime:1612234168
%EndFont

%BeginFont
Handler:DirectoryHandler
FontType:CMap
CMapName:Adobe-GB1-H-Host
Registry:Adobe
Ordering:Adobe_GB1_H_Host
OutlineFileName:C:\Program Files\Adobe\Acrobat DC\Resource\CMap\Adobe-GB1-H-Host
FileLength:94436
FileModTime:1612234168
%EndFont

%BeginFont
Handler:DirectoryHandler
FontType:CMap
CMapName:Adobe-GB1-H-Mac
Registry:Adobe
Ordering:Adobe_GB1_H_Mac
OutlineFileName:C:\Program Files\Adobe\Acrobat DC\Resource\CMap\Adobe-GB1-H-Mac
FileLength:4207
FileModTime:1612234168
%EndFont

%BeginFont
Handler:DirectoryHandler
FontType:CMap
CMapName:Adobe-GB1-UCS2
Registry:Adobe
Ordering:Adobe_GB1_UCS2
OutlineFileName:C:\Program Files\Adobe\Acrobat DC\Resource\CMap\Adobe-GB1-UCS2
FileLength:244619
FileModTime:1612234168
%EndFont

%BeginFont
Handler:DirectoryHandler
FontType:CMap
CMapName:Adobe-Japan1-0
Registry:Adobe
Ordering:Japan1
OutlineFileName:C:\Program Files\Adobe\Acrobat DC\Resource\CMap\Adobe-Japan1-0
FileLength:3523
FileModTime:1612234168
%EndFont

%BeginFont
Handler:DirectoryHandler
FontType:CMap
CMapName:Adobe-Japan1-1
Registry:Adobe
Ordering:Japan1
OutlineFileName:C:\Program Files\Adobe\Acrobat DC\Resource\CMap\Adobe-Japan1-1
FileLength:3524
FileModTime:1612234168
%EndFont

%BeginFont
Handler:DirectoryHandler
FontType:CMap
CMapName:Adobe-Japan1-2
Registry:Adobe
Ordering:Japan1
OutlineFileName:C:\Program Files\Adobe\Acrobat DC\Resource\CMap\Adobe-Japan1-2
FileLength:3564
FileModTime:1612234168
%EndFont

%BeginFont
Handler:DirectoryHandler
FontType:CMap
CMapName:Adobe-Japan1-3
Registry:Adobe
Ordering:Japan1
OutlineFileName:C:\Program Files\Adobe\Acrobat DC\Resource\CMap\Adobe-Japan1-3
FileLength:3575
FileModTime:1612234168
%EndFont

%BeginFont
Handler:DirectoryHandler
FontType:CMap
CMapName:Adobe-Japan1-4
Registry:Adobe
Ordering:Japan1
OutlineFileName:C:\Program Files\Adobe\Acrobat DC\Resource\CMap\Adobe-Japan1-4
FileLength:4077
FileModTime:1612234168
%EndFont

%BeginFont
Handler:DirectoryHandler
FontType:CMap
CMapName:Adobe-Japan1-5
Registry:Adobe
Ordering:Japan1
OutlineFileName:C:\Program Files\Adobe\Acrobat DC\Resource\CMap\Adobe-Japan1-5
FileLength:4476
FileModTime:1612234168
%EndFont

%BeginFont
Handler:DirectoryHandler
FontType:CMap
CMapName:Adobe-Japan1-6
Registry:Adobe
Ordering:Japan1
OutlineFileName:C:\Program Files\Adobe\Acrobat DC\Resource\CMap\Adobe-Japan1-6
FileLength:4707
FileModTime:1612234168
%EndFont

%BeginFont
Handler:DirectoryHandler
FontType:CMap
CMapName:Adobe-Japan1-7
Registry:Adobe
Ordering:Japan1
OutlineFileName:C:\Program Files\Adobe\Acrobat DC\Resource\CMap\Adobe-Japan1-7
FileLength:4681
FileModTime:1612234168
%EndFont

%BeginFont
Handler:DirectoryHandler
FontType:CMap
CMapName:Adobe-Japan1-90ms-RKSJ
Registry:Adobe
Ordering:Adobe_Japan1_90ms_RKSJ
OutlineFileName:C:\Program Files\Adobe\Acrobat DC\Resource\CMap\Adobe-Japan1-90ms-RKSJ
FileLength:6353
FileModTime:1612234168
%EndFont

%BeginFont
Handler:DirectoryHandler
FontType:CMap
CMapName:Adobe-Japan1-90pv-RKSJ
Registry:Adobe
Ordering:Adobe_Japan1_90pv_RKSJ
OutlineFileName:C:\Program Files\Adobe\Acrobat DC\Resource\CMap\Adobe-Japan1-90pv-RKSJ
FileLength:8442
FileModTime:1612234168
%EndFont

%BeginFont
Handler:DirectoryHandler
FontType:CMap
CMapName:Adobe-Japan1-H-CID
Registry:Adobe
Ordering:Adobe_Japan1_H_CID
OutlineFileName:C:\Program Files\Adobe\Acrobat DC\Resource\CMap\Adobe-Japan1-H-CID
FileLength:2291
FileModTime:1612234168
%EndFont

%BeginFont
Handler:DirectoryHandler
FontType:CMap
CMapName:Adobe-Japan1-H-Host
Registry:Adobe
Ordering:Adobe_Japan1_H_Host
OutlineFileName:C:\Program Files\Adobe\Acrobat DC\Resource\CMap\Adobe-Japan1-H-Host
FileLength:6625
FileModTime:1612234168
%EndFont

%BeginFont
Handler:DirectoryHandler
FontType:CMap
CMapName:Adobe-Japan1-H-Mac
Registry:Adobe
Ordering:Adobe_Japan1_H_Mac
OutlineFileName:C:\Program Files\Adobe\Acrobat DC\Resource\CMap\Adobe-Japan1-H-Mac
FileLength:5492
FileModTime:1612234168
%EndFont

%BeginFont
Handler:DirectoryHandler
FontType:CMap
CMapName:Adobe-Japan1-UCS2
Registry:Adobe
Ordering:Adobe_Japan1_UCS2
OutlineFileName:C:\Program Files\Adobe\Acrobat DC\Resource\CMap\Adobe-Japan1-UCS2
FileLength:303313
FileModTime:1612234168
%EndFont

%BeginFont
Handler:DirectoryHandler
FontType:CMap
CMapName:Adobe-Korea1-0
Registry:Adobe
Ordering:Korea1
OutlineFileName:C:\Program Files\Adobe\Acrobat DC\Resource\CMap\Adobe-Korea1-0
FileLength:3618
FileModTime:1612234168
%EndFont

%BeginFont
Handler:DirectoryHandler
FontType:CMap
CMapName:Adobe-Korea1-1
Registry:Adobe
Ordering:Korea1
OutlineFileName:C:\Program Files\Adobe\Acrobat DC\Resource\CMap\Adobe-Korea1-1
FileLength:4309
FileModTime:1612234168
%EndFont

%BeginFont
Handler:DirectoryHandler
FontType:CMap
CMapName:Adobe-Korea1-2
Registry:Adobe
Ordering:Korea1
OutlineFileName:C:\Program Files\Adobe\Acrobat DC\Resource\CMap\Adobe-Korea1-2
FileLength:4308
FileModTime:1612234168
%EndFont

%BeginFont
Handler:DirectoryHandler
FontType:CMap
CMapName:Adobe-Korea1-H-CID
Registry:Adobe
Ordering:Adobe_Korea1_H_CID
OutlineFileName:C:\Program Files\Adobe\Acrobat DC\Resource\CMap\Adobe-Korea1-H-CID
FileLength:1642
FileModTime:1612234168
%EndFont

%BeginFont
Handler:DirectoryHandler
FontType:CMap
CMapName:Adobe-Korea1-H-Host
Registry:Adobe
Ordering:Adobe_Korea1_H_Host
OutlineFileName:C:\Program Files\Adobe\Acrobat DC\Resource\CMap\Adobe-Korea1-H-Host
FileLength:16064
FileModTime:1612234168
%EndFont

%BeginFont
Handler:DirectoryHandler
FontType:CMap
CMapName:Adobe-Korea1-H-Mac
Registry:Adobe
Ordering:Adobe_Korea1_H_Mac
OutlineFileName:C:\Program Files\Adobe\Acrobat DC\Resource\CMap\Adobe-Korea1-H-Mac
FileLength:11427
FileModTime:1612234168
%EndFont

%BeginFont
Handler:DirectoryHandler
FontType:CMap
CMapName:Adobe-Korea1-KSCms-UHC
Registry:Adobe
Ordering:Adobe_Korea1_KSCms_UHC
OutlineFileName:C:\Program Files\Adobe\Acrobat DC\Resource\CMap\Adobe-Korea1-KSCms-UHC
FileLength:15858
FileModTime:1612234168
%EndFont

%BeginFont
Handler:DirectoryHandler
FontType:CMap
CMapName:Adobe-Korea1-KSCpc-EUC
Registry:Adobe
Ordering:Adobe_Korea1_KSCpc_EUC
OutlineFileName:C:\Program Files\Adobe\Acrobat DC\Resource\CMap\Adobe-Korea1-KSCpc-EUC
FileLength:11507
FileModTime:1612234168
%EndFont

%BeginFont
Handler:DirectoryHandler
FontType:CMap
CMapName:Adobe-Korea1-UCS2
Registry:Adobe
Ordering:Adobe_Korea1_UCS2
OutlineFileName:C:\Program Files\Adobe\Acrobat DC\Resource\CMap\Adobe-Korea1-UCS2
FileLength:154586
FileModTime:1612234168
%EndFont

%BeginFont
Handler:DirectoryHandler
FontType:CMap
CMapName:B5pc-H
Registry:Adobe
Ordering:CNS1
OutlineFileName:C:\Program Files\Adobe\Acrobat DC\Resource\CMap\B5pc-H
FileLength:7953
FileModTime:1612234168
%EndFont

%BeginFont
Handler:DirectoryHandler
FontType:CMap
CMapName:B5pc-UCS2
Registry:Adobe
Ordering:B5pc_UCS2
UseCMap:B5pc-UCS2C
OutlineFileName:C:\Program Files\Adobe\Acrobat DC\Resource\CMap\B5pc-UCS2
FileLength:1225
FileModTime:1612234168
%EndFont

%BeginFont
Handler:DirectoryHandler
FontType:CMap
CMapName:B5pc-UCS2C
Registry:Adobe
Ordering:B5pc_UCS2C
OutlineFileName:C:\Program Files\Adobe\Acrobat DC\Resource\CMap\B5pc-UCS2C
FileLength:284606
FileModTime:1612234168
%EndFont

%BeginFont
Handler:DirectoryHandler
FontType:CMap
CMapName:B5pc-V
Registry:Adobe
Ordering:CNS1
UseCMap:B5pc-H
OutlineFileName:C:\Program Files\Adobe\Acrobat DC\Resource\CMap\B5pc-V
FileLength:3095
FileModTime:1612234168
%EndFont

%BeginFont
Handler:DirectoryHandler
FontType:CMap
CMapName:CNS-EUC-H
Registry:Adobe
Ordering:CNS1
OutlineFileName:C:\Program Files\Adobe\Acrobat DC\Resource\CMap\CNS-EUC-H
FileLength:12805
FileModTime:1612234168
%EndFont

%BeginFont
Handler:DirectoryHandler
FontType:CMap
CMapName:CNS-EUC-V
Registry:Adobe
Ordering:CNS1
OutlineFileName:C:\Program Files\Adobe\Acrobat DC\Resource\CMap\CNS-EUC-V
FileLength:13885
FileModTime:1612234168
%EndFont

%BeginFont
Handler:DirectoryHandler
FontType:CMap
CMapName:ETHK-B5-H
Registry:Adobe
Ordering:CNS1
OutlineFileName:C:\Program Files\Adobe\Acrobat DC\Resource\CMap\ETHK-B5-H
FileLength:24599
FileModTime:1612234168
%EndFont

%BeginFont
Handler:DirectoryHandler
FontType:CMap
CMapName:ETHK-B5-V
Registry:Adobe
Ordering:CNS1
UseCMap:ETHK-B5-H
OutlineFileName:C:\Program Files\Adobe\Acrobat DC\Resource\CMap\ETHK-B5-V
FileLength:3114
FileModTime:1612234168
%EndFont

%BeginFont
Handler:DirectoryHandler
FontType:CMap
CMapName:ETen-B5-H
Registry:Adobe
Ordering:CNS1
OutlineFileName:C:\Program Files\Adobe\Acrobat DC\Resource\CMap\ETen-B5-H
FileLength:8115
FileModTime:1612234168
%EndFont

%BeginFont
Handler:DirectoryHandler
FontType:CMap
CMapName:ETen-B5-UCS2
Registry:Adobe
Ordering:ETen_B5_UCS2
OutlineFileName:C:\Program Files\Adobe\Acrobat DC\Resource\CMap\ETen-B5-UCS2
FileLength:288463
FileModTime:1612234168
%EndFont

%BeginFont
Handler:DirectoryHandler
FontType:CMap
CMapName:ETen-B5-V
Registry:Adobe
Ordering:CNS1
UseCMap:ETen-B5-H
OutlineFileName:C:\Program Files\Adobe\Acrobat DC\Resource\CMap\ETen-B5-V
FileLength:3134
FileModTime:1612234168
%EndFont

%BeginFont
Handler:DirectoryHandler
FontType:CMap
CMapName:ETenms-B5-H
Registry:Adobe
Ordering:CNS1
UseCMap:ETen-B5-H
OutlineFileName:C:\Program Files\Adobe\Acrobat DC\Resource\CMap\ETenms-B5-H
FileLength:2877
FileModTime:1612234168
%EndFont

%BeginFont
Handler:DirectoryHandler
FontType:CMap
CMapName:ETenms-B5-V
Registry:Adobe
Ordering:CNS1
UseCMap:ETenms-B5-H
OutlineFileName:C:\Program Files\Adobe\Acrobat DC\Resource\CMap\ETenms-B5-V
FileLength:3209
FileModTime:1612234168
%EndFont

%BeginFont
Handler:DirectoryHandler
FontType:CMap
CMapName:EUC-H
Registry:Adobe
Ordering:Japan1
OutlineFileName:C:\Program Files\Adobe\Acrobat DC\Resource\CMap\EUC-H
FileLength:5351
FileModTime:1612234168
%EndFont

%BeginFont
Handler:DirectoryHandler
FontType:CMap
CMapName:EUC-V
Registry:Adobe
Ordering:Japan1
UseCMap:EUC-H
OutlineFileName:C:\Program Files\Adobe\Acrobat DC\Resource\CMap\EUC-V
FileLength:3397
FileModTime:1612234168
%EndFont

%BeginFont
Handler:DirectoryHandler
FontType:CMap
CMapName:Ext-RKSJ-H
Registry:Adobe
Ordering:Japan1
OutlineFileName:C:\Program Files\Adobe\Acrobat DC\Resource\CMap\Ext-RKSJ-H
FileLength:16444
FileModTime:1612234168
%EndFont

%BeginFont
Handler:DirectoryHandler
FontType:CMap
CMapName:Ext-RKSJ-V
Registry:Adobe
Ordering:Japan1
UseCMap:Ext-RKSJ-H
OutlineFileName:C:\Program Files\Adobe\Acrobat DC\Resource\CMap\Ext-RKSJ-V
FileLength:3667
FileModTime:1612234168
%EndFont

%BeginFont
Handler:DirectoryHandler
FontType:CMap
CMapName:GB-EUC-H
Registry:Adobe
Ordering:GB1
OutlineFileName:C:\Program Files\Adobe\Acrobat DC\Resource\CMap\GB-EUC-H
FileLength:4669
FileModTime:1612234168
%EndFont

%BeginFont
Handler:DirectoryHandler
FontType:CMap
CMapName:GB-EUC-V
Registry:Adobe
Ordering:GB1
UseCMap:GB-EUC-H
OutlineFileName:C:\Program Files\Adobe\Acrobat DC\Resource\CMap\GB-EUC-V
FileLength:3267
FileModTime:1612234168
%EndFont

%BeginFont
Handler:DirectoryHandler
FontType:CMap
CMapName:GBK-EUC-H
Registry:Adobe
Ordering:GB1
OutlineFileName:C:\Program Files\Adobe\Acrobat DC\Resource\CMap\GBK-EUC-H
FileLength:87444
FileModTime:1612234168
%EndFont

%BeginFont
Handler:DirectoryHandler
FontType:CMap
CMapName:GBK-EUC-UCS2
Registry:Adobe
Ordering:GBK_EUC_UCS2
OutlineFileName:C:\Program Files\Adobe\Acrobat DC\Resource\CMap\GBK-EUC-UCS2
FileLength:233552
FileModTime:1612234168
%EndFont

%BeginFont
Handler:DirectoryHandler
FontType:CMap
CMapName:GBK-EUC-V
Registry:Adobe
Ordering:GB1
UseCMap:GBK-EUC-H
OutlineFileName:C:\Program Files\Adobe\Acrobat DC\Resource\CMap\GBK-EUC-V
FileLength:3255
FileModTime:1612234168
%EndFont

%BeginFont
Handler:DirectoryHandler
FontType:CMap
CMapName:GBK2K-H
Registry:Adobe
Ordering:GB1
OutlineFileName:C:\Program Files\Adobe\Acrobat DC\Resource\CMap\GBK2K-H
FileLength:96320
FileModTime:1612234168
%EndFont

%BeginFont
Handler:DirectoryHandler
FontType:CMap
CMapName:GBK2K-V
Registry:Adobe
Ordering:GB1
UseCMap:GBK2K-H
OutlineFileName:C:\Program Files\Adobe\Acrobat DC\Resource\CMap\GBK2K-V
FileLength:3669
FileModTime:1612234168
%EndFont

%BeginFont
Handler:DirectoryHandler
FontType:CMap
CMapName:GBKp-EUC-H
Registry:Adobe
Ordering:GB1
OutlineFileName:C:\Program Files\Adobe\Acrobat DC\Resource\CMap\GBKp-EUC-H
FileLength:87424
FileModTime:1612234168
%EndFont

%BeginFont
Handler:DirectoryHandler
FontType:CMap
CMapName:GBKp-EUC-V
Registry:Adobe
Ordering:GB1
UseCMap:GBKp-EUC-H
OutlineFileName:C:\Program Files\Adobe\Acrobat DC\Resource\CMap\GBKp-EUC-V
FileLength:3261
FileModTime:1612234168
%EndFont

%BeginFont
Handler:DirectoryHandler
FontType:CMap
CMapName:GBT-EUC-H
Registry:Adobe
Ordering:GB1
OutlineFileName:C:\Program Files\Adobe\Acrobat DC\Resource\CMap\GBT-EUC-H
FileLength:49274
FileModTime:1612234168
%EndFont

%BeginFont
Handler:DirectoryHandler
FontType:CMap
CMapName:GBT-EUC-V
Registry:Adobe
Ordering:GB1
UseCMap:GBT-EUC-H
OutlineFileName:C:\Program Files\Adobe\Acrobat DC\Resource\CMap\GBT-EUC-V
FileLength:3275
FileModTime:1612234168
%EndFont

%BeginFont
Handler:DirectoryHandler
FontType:CMap
CMapName:GBpc-EUC-H
Registry:Adobe
Ordering:GB1
OutlineFileName:C:\Program Files\Adobe\Acrobat DC\Resource\CMap\GBpc-EUC-H
FileLength:4699
FileModTime:1612234168
%EndFont

%BeginFont
Handler:DirectoryHandler
FontType:CMap
CMapName:GBpc-EUC-UCS2
Registry:Adobe
Ordering:GBpc_EUC_UCS2
UseCMap:GBpc-EUC-UCS2C
OutlineFileName:C:\Program Files\Adobe\Acrobat DC\Resource\CMap\GBpc-EUC-UCS2
FileLength:1312
FileModTime:1612234168
%EndFont

%BeginFont
Handler:DirectoryHandler
FontType:CMap
CMapName:GBpc-EUC-UCS2C
Registry:Adobe
Ordering:GBpc_EUC_UCS2C
OutlineFileName:C:\Program Files\Adobe\Acrobat DC\Resource\CMap\GBpc-EUC-UCS2C
FileLength:148118
FileModTime:1612234168
%EndFont

%BeginFont
Handler:DirectoryHandler
FontType:CMap
CMapName:GBpc-EUC-V
Registry:Adobe
Ordering:GB1
UseCMap:GBpc-EUC-H
OutlineFileName:C:\Program Files\Adobe\Acrobat DC\Resource\CMap\GBpc-EUC-V
FileLength:3279
FileModTime:1612234168
%EndFont

%BeginFont
Handler:DirectoryHandler
FontType:CMap
CMapName:H
Registry:Adobe
Ordering:Japan1
OutlineFileName:C:\Program Files\Adobe\Acrobat DC\Resource\CMap\H
FileLength:5210
FileModTime:1612234168
%EndFont

%BeginFont
Handler:DirectoryHandler
FontType:CMap
CMapName:HKdla-B5-H
Registry:Adobe
Ordering:CNS1
OutlineFileName:C:\Program Files\Adobe\Acrobat DC\Resource\CMap\HKdla-B5-H
FileLength:24471
FileModTime:1612234168
%EndFont

%BeginFont
Handler:DirectoryHandler
FontType:CMap
CMapName:HKdla-B5-V
Registry:Adobe
Ordering:CNS1
UseCMap:HKdla-B5-H
OutlineFileName:C:\Program Files\Adobe\Acrobat DC\Resource\CMap\HKdla-B5-V
FileLength:3099
FileModTime:1612234168
%EndFont

%BeginFont
Handler:DirectoryHandler
FontType:CMap
CMapName:HKdlb-B5-H
Registry:Adobe
Ordering:CNS1
OutlineFileName:C:\Program Files\Adobe\Acrobat DC\Resource\CMap\HKdlb-B5-H
FileLength:22013
FileModTime:1612234168
%EndFont

%BeginFont
Handler:DirectoryHandler
FontType:CMap
CMapName:HKdlb-B5-V
Registry:Adobe
Ordering:CNS1
UseCMap:HKdlb-B5-H
OutlineFileName:C:\Program Files\Adobe\Acrobat DC\Resource\CMap\HKdlb-B5-V
FileLength:3099
FileModTime:1612234168
%EndFont

%BeginFont
Handler:DirectoryHandler
FontType:CMap
CMapName:HKgccs-B5-H
Registry:Adobe
Ordering:CNS1
OutlineFileName:C:\Program Files\Adobe\Acrobat DC\Resource\CMap\HKgccs-B5-H
FileLength:14442
FileModTime:1612234168
%EndFont

%BeginFont
Handler:DirectoryHandler
FontType:CMap
CMapName:HKgccs-B5-V
Registry:Adobe
Ordering:CNS1
UseCMap:HKgccs-B5-H
OutlineFileName:C:\Program Files\Adobe\Acrobat DC\Resource\CMap\HKgccs-B5-V
FileLength:3105
FileModTime:1612234168
%EndFont

%BeginFont
Handler:DirectoryHandler
FontType:CMap
CMapName:HKm314-B5-H
Registry:Adobe
Ordering:CNS1
OutlineFileName:C:\Program Files\Adobe\Acrobat DC\Resource\CMap\HKm314-B5-H
FileLength:14245
FileModTime:1612234168
%EndFont

%BeginFont
Handler:DirectoryHandler
FontType:CMap
CMapName:HKm314-B5-V
Registry:Adobe
Ordering:CNS1
UseCMap:HKm314-B5-H
OutlineFileName:C:\Program Files\Adobe\Acrobat DC\Resource\CMap\HKm314-B5-V
FileLength:3105
FileModTime:1612234168
%EndFont

%BeginFont
Handler:DirectoryHandler
FontType:CMap
CMapName:HKm471-B5-H
Registry:Adobe
Ordering:CNS1
OutlineFileName:C:\Program Files\Adobe\Acrobat DC\Resource\CMap\HKm471-B5-H
FileLength:17365
FileModTime:1612234168
%EndFont

%BeginFont
Handler:DirectoryHandler
FontType:CMap
CMapName:HKm471-B5-V
Registry:Adobe
Ordering:CNS1
UseCMap:HKm471-B5-H
OutlineFileName:C:\Program Files\Adobe\Acrobat DC\Resource\CMap\HKm471-B5-V
FileLength:3105
FileModTime:1612234168
%EndFont

%BeginFont
Handler:DirectoryHandler
FontType:CMap
CMapName:HKscs-B5-H
Registry:Adobe
Ordering:CNS1
OutlineFileName:C:\Program Files\Adobe\Acrobat DC\Resource\CMap\HKscs-B5-H
FileLength:24653
FileModTime:1612234168
%EndFont

%BeginFont
Handler:DirectoryHandler
FontType:CMap
CMapName:HKscs-B5-V
Registry:Adobe
Ordering:CNS1
UseCMap:HKscs-B5-H
OutlineFileName:C:\Program Files\Adobe\Acrobat DC\Resource\CMap\HKscs-B5-V
FileLength:3120
FileModTime:1612234168
%EndFont

%BeginFont
Handler:DirectoryHandler
FontType:CMap
CMapName:Identity-H
Registry:Adobe
Ordering:Identity
OutlineFileName:C:\Program Files\Adobe\Acrobat DC\Resource\CMap\Identity-H
FileLength:8228
FileModTime:1612234168
%EndFont

%BeginFont
Handler:DirectoryHandler
FontType:CMap
CMapName:Identity-V
Registry:Adobe
Ordering:Identity
UseCMap:Identity-H
OutlineFileName:C:\Program Files\Adobe\Acrobat DC\Resource\CMap\Identity-V
FileLength:2761
FileModTime:1612234168
%EndFont

%BeginFont
Handler:DirectoryHandler
FontType:CMap
CMapName:KSC-EUC-H
Registry:Adobe
Ordering:Korea1
OutlineFileName:C:\Program Files\Adobe\Acrobat DC\Resource\CMap\KSC-EUC-H
FileLength:12359
FileModTime:1612234168
%EndFont

%BeginFont
Handler:DirectoryHandler
FontType:CMap
CMapName:KSC-EUC-V
Registry:Adobe
Ordering:Korea1
UseCMap:KSC-EUC-H
OutlineFileName:C:\Program Files\Adobe\Acrobat DC\Resource\CMap\KSC-EUC-V
FileLength:3199
FileModTime:1612234168
%EndFont

%BeginFont
Handler:DirectoryHandler
FontType:CMap
CMapName:KSCms-UHC-H
Registry:Adobe
Ordering:Korea1
OutlineFileName:C:\Program Files\Adobe\Acrobat DC\Resource\CMap\KSCms-UHC-H
FileLength:16785
FileModTime:1612234168
%EndFont

%BeginFont
Handler:DirectoryHandler
FontType:CMap
CMapName:KSCms-UHC-HW-H
Registry:Adobe
Ordering:Korea1
OutlineFileName:C:\Program Files\Adobe\Acrobat DC\Resource\CMap\KSCms-UHC-HW-H
FileLength:16780
FileModTime:1612234168
%EndFont

%BeginFont
Handler:DirectoryHandler
FontType:CMap
CMapName:KSCms-UHC-HW-V
Registry:Adobe
Ordering:Korea1
UseCMap:KSCms-UHC-HW-H
OutlineFileName:C:\Program Files\Adobe\Acrobat DC\Resource\CMap\KSCms-UHC-HW-V
FileLength:3211
FileModTime:1612234168
%EndFont

%BeginFont
Handler:DirectoryHandler
FontType:CMap
CMapName:KSCms-UHC-UCS2
Registry:Adobe
Ordering:KSCms_UHC_UCS2
OutlineFileName:C:\Program Files\Adobe\Acrobat DC\Resource\CMap\KSCms-UHC-UCS2
FileLength:189847
FileModTime:1612234168
%EndFont

%BeginFont
Handler:DirectoryHandler
FontType:CMap
CMapName:KSCms-UHC-V
Registry:Adobe
Ordering:Korea1
UseCMap:KSCms-UHC-H
OutlineFileName:C:\Program Files\Adobe\Acrobat DC\Resource\CMap\KSCms-UHC-V
FileLength:3213
FileModTime:1612234168
%EndFont

%BeginFont
Handler:DirectoryHandler
FontType:CMap
CMapName:KSCpc-EUC-H
Registry:Adobe
Ordering:Korea1
OutlineFileName:C:\Program Files\Adobe\Acrobat DC\Resource\CMap\KSCpc-EUC-H
FileLength:13232
FileModTime:1612234168
%EndFont

%BeginFont
Handler:DirectoryHandler
FontType:CMap
CMapName:KSCpc-EUC-UCS2
Registry:Adobe
Ordering:KSCpc_EUC_UCS2
UseCMap:KSCpc-EUC-UCS2C
OutlineFileName:C:\Program Files\Adobe\Acrobat DC\Resource\CMap\KSCpc-EUC-UCS2
FileLength:16328
FileModTime:1612234168
%EndFont

%BeginFont
Handler:DirectoryHandler
FontType:CMap
CMapName:KSCpc-EUC-UCS2C
Registry:Adobe
Ordering:KSCpc_EUC_UCS2C
OutlineFileName:C:\Program Files\Adobe\Acrobat DC\Resource\CMap\KSCpc-EUC-UCS2C
FileLength:156825
FileModTime:1612234168
%EndFont

%BeginFont
Handler:DirectoryHandler
FontType:CMap
CMapName:KSCpc-EUC-V
Registry:Adobe
Ordering:Korea1
UseCMap:KSCpc-EUC-H
OutlineFileName:C:\Program Files\Adobe\Acrobat DC\Resource\CMap\KSCpc-EUC-V
FileLength:3211
FileModTime:1612234168
%EndFont

%BeginFont
Handler:DirectoryHandler
FontType:CMap
CMapName:UCS2-90ms-RKSJ
Registry:Adobe
Ordering:UCS2_90ms_RKSJ
OutlineFileName:C:\Program Files\Adobe\Acrobat DC\Resource\CMap\UCS2-90ms-RKSJ
FileLength:155399
FileModTime:1612234168
%EndFont

%BeginFont
Handler:DirectoryHandler
FontType:CMap
CMapName:UCS2-90pv-RKSJ
Registry:Adobe
Ordering:UCS2_90pv_RKSJ
OutlineFileName:C:\Program Files\Adobe\Acrobat DC\Resource\CMap\UCS2-90pv-RKSJ
FileLength:148339
FileModTime:1612234168
%EndFont

%BeginFont
Handler:DirectoryHandler
FontType:CMap
CMapName:UCS2-B5pc
Registry:Adobe
Ordering:UCS2_B5pc
OutlineFileName:C:\Program Files\Adobe\Acrobat DC\Resource\CMap\UCS2-B5pc
FileLength:284931
FileModTime:1612234168
%EndFont

%BeginFont
Handler:DirectoryHandler
FontType:CMap
CMapName:UCS2-ETen-B5
Registry:Adobe
Ordering:UCS2_ETen_B5
OutlineFileName:C:\Program Files\Adobe\Acrobat DC\Resource\CMap\UCS2-ETen-B5
FileLength:299283
FileModTime:1612234168
%EndFont

%BeginFont
Handler:DirectoryHandler
FontType:CMap
CMapName:UCS2-GBK-EUC
Registry:Adobe
Ordering:UCS2_GBK_EUC
OutlineFileName:C:\Program Files\Adobe\Acrobat DC\Resource\CMap\UCS2-GBK-EUC
FileLength:243835
FileModTime:1612234168
%EndFont

%BeginFont
Handler:DirectoryHandler
FontType:CMap
CMapName:UCS2-GBpc-EUC
Registry:Adobe
Ordering:UCS2_GBpc_EUC
OutlineFileName:C:\Program Files\Adobe\Acrobat DC\Resource\CMap\UCS2-GBpc-EUC
FileLength:197163
FileModTime:1612234168
%EndFont

%BeginFont
Handler:DirectoryHandler
FontType:CMap
CMapName:UCS2-KSCms-UHC
Registry:Adobe
Ordering:UCS2_KCSms_UHC
OutlineFileName:C:\Program Files\Adobe\Acrobat DC\Resource\CMap\UCS2-KSCms-UHC
FileLength:196449
FileModTime:1612234168
%EndFont

%BeginFont
Handler:DirectoryHandler
FontType:CMap
CMapName:UCS2-KSCpc-EUC
Registry:Adobe
Ordering:UCS2_KSCpc_EUC
OutlineFileName:C:\Program Files\Adobe\Acrobat DC\Resource\CMap\UCS2-KSCpc-EUC
FileLength:153399
FileModTime:1612234168
%EndFont

%BeginFont
Handler:DirectoryHandler
FontType:CMap
CMapName:UniCNS-UCS2-H
Registry:Adobe
Ordering:CNS1
OutlineFileName:C:\Program Files\Adobe\Acrobat DC\Resource\CMap\UniCNS-UCS2-H
FileLength:343410
FileModTime:1612234168
%EndFont

%BeginFont
Handler:DirectoryHandler
FontType:CMap
CMapName:UniCNS-UCS2-V
Registry:Adobe
Ordering:CNS1
UseCMap:UniCNS-UCS2-H
OutlineFileName:C:\Program Files\Adobe\Acrobat DC\Resource\CMap\UniCNS-UCS2-V
FileLength:3130
FileModTime:1612234168
%EndFont

%BeginFont
Handler:DirectoryHandler
FontType:CMap
CMapName:UniCNS-UTF16-H
Registry:Adobe
Ordering:CNS1
OutlineFileName:C:\Program Files\Adobe\Acrobat DC\Resource\CMap\UniCNS-UTF16-H
FileLength:271859
FileModTime:1612234168
%EndFont

%BeginFont
Handler:DirectoryHandler
FontType:CMap
CMapName:UniCNS-UTF16-V
Registry:Adobe
Ordering:CNS1
UseCMap:UniCNS-UTF16-H
OutlineFileName:C:\Program Files\Adobe\Acrobat DC\Resource\CMap\UniCNS-UTF16-V
FileLength:3123
FileModTime:1612234168
%EndFont

%BeginFont
Handler:DirectoryHandler
FontType:CMap
CMapName:UniGB-UCS2-H
Registry:Adobe
Ordering:GB1
OutlineFileName:C:\Program Files\Adobe\Acrobat DC\Resource\CMap\UniGB-UCS2-H
FileLength:288773
FileModTime:1612234168
%EndFont

%BeginFont
Handler:DirectoryHandler
FontType:CMap
CMapName:UniGB-UCS2-V
Registry:Adobe
Ordering:GB1
UseCMap:UniGB-UCS2-H
OutlineFileName:C:\Program Files\Adobe\Acrobat DC\Resource\CMap\UniGB-UCS2-V
FileLength:3337
FileModTime:1612234168
%EndFont

%BeginFont
Handler:DirectoryHandler
FontType:CMap
CMapName:UniGB-UTF16-H
Registry:Adobe
Ordering:GB1
OutlineFileName:C:\Program Files\Adobe\Acrobat DC\Resource\CMap\UniGB-UTF16-H
FileLength:214372
FileModTime:1612234168
%EndFont

%BeginFont
Handler:DirectoryHandler
FontType:CMap
CMapName:UniGB-UTF16-V
Registry:Adobe
Ordering:GB1
UseCMap:UniGB-UTF16-H
OutlineFileName:C:\Program Files\Adobe\Acrobat DC\Resource\CMap\UniGB-UTF16-V
FileLength:3234
FileModTime:1612234168
%EndFont

%BeginFont
Handler:DirectoryHandler
FontType:CMap
CMapName:UniJIS-UCS2-H
Registry:Adobe
Ordering:Japan1
OutlineFileName:C:\Program Files\Adobe\Acrobat DC\Resource\CMap\UniJIS-UCS2-H
FileLength:177536
FileModTime:1612234168
%EndFont

%BeginFont
Handler:DirectoryHandler
FontType:CMap
CMapName:UniJIS-UCS2-HW-H
Registry:Adobe
Ordering:Japan1
UseCMap:UniJIS-UCS2-H
OutlineFileName:C:\Program Files\Adobe\Acrobat DC\Resource\CMap\UniJIS-UCS2-HW-H
FileLength:2970
FileModTime:1612234168
%EndFont

%BeginFont
Handler:DirectoryHandler
FontType:CMap
CMapName:UniJIS-UCS2-HW-V
Registry:Adobe
Ordering:Japan1
UseCMap:UniJIS-UCS2-H
OutlineFileName:C:\Program Files\Adobe\Acrobat DC\Resource\CMap\UniJIS-UCS2-HW-V
FileLength:6939
FileModTime:1612234168
%EndFont

%BeginFont
Handler:DirectoryHandler
FontType:CMap
CMapName:UniJIS-UCS2-V
Registry:Adobe
Ordering:Japan1
UseCMap:UniJIS-UCS2-H
OutlineFileName:C:\Program Files\Adobe\Acrobat DC\Resource\CMap\UniJIS-UCS2-V
FileLength:6853
FileModTime:1612234168
%EndFont

%BeginFont
Handler:DirectoryHandler
FontType:CMap
CMapName:UniJIS-UTF16-H
Registry:Adobe
Ordering:Japan1
OutlineFileName:C:\Program Files\Adobe\Acrobat DC\Resource\CMap\UniJIS-UTF16-H
FileLength:202628
FileModTime:1612234168
%EndFont

%BeginFont
Handler:DirectoryHandler
FontType:CMap
CMapName:UniJIS-UTF16-V
Registry:Adobe
Ordering:Japan1
UseCMap:UniJIS-UTF16-H
OutlineFileName:C:\Program Files\Adobe\Acrobat DC\Resource\CMap\UniJIS-UTF16-V
FileLength:6145
FileModTime:1612234168
%EndFont

%BeginFont
Handler:DirectoryHandler
FontType:CMap
CMapName:UniJIS-UTF32-H
Registry:Adobe
Ordering:Japan1
OutlineFileName:C:\Program Files\Adobe\Acrobat DC\Resource\CMap\UniJIS-UTF32-H
FileLength:259822
FileModTime:1612234168
%EndFont

%BeginFont
Handler:DirectoryHandler
FontType:CMap
CMapName:UniJIS-UTF32-V
Registry:Adobe
Ordering:Japan1
UseCMap:UniJIS-UTF32-H
OutlineFileName:C:\Program Files\Adobe\Acrobat DC\Resource\CMap\UniJIS-UTF32-V
FileLength:7177
FileModTime:1612234168
%EndFont

%BeginFont
Handler:DirectoryHandler
FontType:CMap
CMapName:UniJIS-UTF8-H
Registry:Adobe
Ordering:Japan1
OutlineFileName:C:\Program Files\Adobe\Acrobat DC\Resource\CMap\UniJIS-UTF8-H
FileLength:230887
FileModTime:1612234168
%EndFont

%BeginFont
Handler:DirectoryHandler
FontType:CMap
CMapName:UniJIS-UTF8-V
Registry:Adobe
Ordering:Japan1
UseCMap:UniJIS-UTF8-H
OutlineFileName:C:\Program Files\Adobe\Acrobat DC\Resource\CMap\UniJIS-UTF8-V
FileLength:6671
FileModTime:1612234168
%EndFont

%BeginFont
Handler:DirectoryHandler
FontType:CMap
CMapName:UniJIS2004-UTF16-H
Registry:Adobe
Ordering:Japan1
OutlineFileName:C:\Program Files\Adobe\Acrobat DC\Resource\CMap\UniJIS2004-UTF16-H
FileLength:202711
FileModTime:1612234168
%EndFont

%BeginFont
Handler:DirectoryHandler
FontType:CMap
CMapName:UniJIS2004-UTF16-V
Registry:Adobe
Ordering:Japan1
UseCMap:UniJIS2004-UTF16-H
OutlineFileName:C:\Program Files\Adobe\Acrobat DC\Resource\CMap\UniJIS2004-UTF16-V
FileLength:6169
FileModTime:1612234168
%EndFont

%BeginFont
Handler:DirectoryHandler
FontType:CMap
CMapName:UniJIS2004-UTF32-H
Registry:Adobe
Ordering:Japan1
OutlineFileName:C:\Program Files\Adobe\Acrobat DC\Resource\CMap\UniJIS2004-UTF32-H
FileLength:259905
FileModTime:1612234168
%EndFont

%BeginFont
Handler:DirectoryHandler
FontType:CMap
CMapName:UniJIS2004-UTF32-V
Registry:Adobe
Ordering:Japan1
UseCMap:UniJIS2004-UTF32-H
OutlineFileName:C:\Program Files\Adobe\Acrobat DC\Resource\CMap\UniJIS2004-UTF32-V
FileLength:7201
FileModTime:1612234168
%EndFont

%BeginFont
Handler:DirectoryHandler
FontType:CMap
CMapName:UniJIS2004-UTF8-H
Registry:Adobe
Ordering:Japan1
OutlineFileName:C:\Program Files\Adobe\Acrobat DC\Resource\CMap\UniJIS2004-UTF8-H
FileLength:230968
FileModTime:1612234168
%EndFont

%BeginFont
Handler:DirectoryHandler
FontType:CMap
CMapName:UniJIS2004-UTF8-V
Registry:Adobe
Ordering:Japan1
UseCMap:UniJIS2004-UTF8-H
OutlineFileName:C:\Program Files\Adobe\Acrobat DC\Resource\CMap\UniJIS2004-UTF8-V
FileLength:6693
FileModTime:1612234168
%EndFont

%BeginFont
Handler:DirectoryHandler
FontType:CMap
CMapName:UniJISX0213-UTF32-H
Registry:Adobe
Ordering:Japan1
OutlineFileName:C:\Program Files\Adobe\Acrobat DC\Resource\CMap\UniJISX0213-UTF32-H
FileLength:259775
FileModTime:1612234168
%EndFont

%BeginFont
Handler:DirectoryHandler
FontType:CMap
CMapName:UniJISX0213-UTF32-V
Registry:Adobe
Ordering:Japan1
UseCMap:UniJISX0213-UTF32-H
OutlineFileName:C:\Program Files\Adobe\Acrobat DC\Resource\CMap\UniJISX0213-UTF32-V
FileLength:7139
FileModTime:1612234168
%EndFont

%BeginFont
Handler:DirectoryHandler
FontType:CMap
CMapName:UniJISX02132004-UTF32-H
Registry:Adobe
Ordering:Japan1
OutlineFileName:C:\Program Files\Adobe\Acrobat DC\Resource\CMap\UniJISX02132004-UTF32-H
FileLength:259889
FileModTime:1612234168
%EndFont

%BeginFont
Handler:DirectoryHandler
FontType:CMap
CMapName:UniJISX02132004-UTF32-V
Registry:Adobe
Ordering:Japan1
UseCMap:UniJISX02132004-UTF32-H
OutlineFileName:C:\Program Files\Adobe\Acrobat DC\Resource\CMap\UniJISX02132004-UTF32-V
FileLength:7163
FileModTime:1612234168
%EndFont

%BeginFont
Handler:DirectoryHandler
FontType:CMap
CMapName:UniKS-UCS2-H
Registry:Adobe
Ordering:Korea1
OutlineFileName:C:\Program Files\Adobe\Acrobat DC\Resource\CMap\UniKS-UCS2-H
FileLength:174803
FileModTime:1612234168
%EndFont

%BeginFont
Handler:DirectoryHandler
FontType:CMap
CMapName:UniKS-UCS2-V
Registry:Adobe
Ordering:Korea1
UseCMap:UniKS-UCS2-H
OutlineFileName:C:\Program Files\Adobe\Acrobat DC\Resource\CMap\UniKS-UCS2-V
FileLength:3240
FileModTime:1612234168
%EndFont

%BeginFont
Handler:DirectoryHandler
FontType:CMap
CMapName:UniKS-UTF16-H
Registry:Adobe
Ordering:Korea1
OutlineFileName:C:\Program Files\Adobe\Acrobat DC\Resource\CMap\UniKS-UTF16-H
FileLength:131902
FileModTime:1612234168
%EndFont

%BeginFont
Handler:DirectoryHandler
FontType:CMap
CMapName:UniKS-UTF16-V
Registry:Adobe
Ordering:Korea1
UseCMap:UniKS-UTF16-H
OutlineFileName:C:\Program Files\Adobe\Acrobat DC\Resource\CMap\UniKS-UTF16-V
FileLength:3198
FileModTime:1612234168
%EndFont

%BeginFont
Handler:DirectoryHandler
FontType:CMap
CMapName:V
Registry:Adobe
Ordering:Japan1
UseCMap:H
OutlineFileName:C:\Program Files\Adobe\Acrobat DC\Resource\CMap\V
FileLength:3373
FileModTime:1612234168
%EndFont

